  [1m[35m (170.9ms)[0m  [1m[35mCREATE DATABASE "reddit_clone_development" ENCODING = 'unicode'[0m
  ↳ bin/rails:9
  [1m[35m (73.4ms)[0m  [1m[35mCREATE DATABASE "reddit_clone_test" ENCODING = 'unicode'[0m
  ↳ bin/rails:9
  [1m[35m (12.4ms)[0m  [1m[35mCREATE TABLE "schema_migrations" ("version" character varying NOT NULL PRIMARY KEY)[0m
  ↳ bin/rails:9
  [1m[35m (3.7ms)[0m  [1m[35mCREATE TABLE "ar_internal_metadata" ("key" character varying NOT NULL PRIMARY KEY, "value" character varying, "created_at" timestamp NOT NULL, "updated_at" timestamp NOT NULL)[0m
  ↳ bin/rails:9
  [1m[35m (0.5ms)[0m  [1m[34mSELECT pg_try_advisory_lock(688274183373989625)[0m
  ↳ bin/rails:9
  [1m[35m (0.6ms)[0m  [1m[34mSELECT "schema_migrations"."version" FROM "schema_migrations" ORDER BY "schema_migrations"."version" ASC[0m
  ↳ bin/rails:9
Migrating to CreateUsers (20200720161848)
  [1m[35m (0.1ms)[0m  [1m[35mBEGIN[0m
  ↳ bin/rails:9
  [1m[35m (13.1ms)[0m  [1m[35mCREATE TABLE "users" ("id" bigserial primary key, "username" character varying, "session_token" character varying, "password_digest" character varying, "created_at" timestamp NOT NULL, "updated_at" timestamp NOT NULL)[0m
  ↳ db/migrate/20200720161848_create_users.rb:3
  [1m[35m (1.3ms)[0m  [1m[35mCREATE UNIQUE INDEX  "index_users_on_username" ON "users"  ("username")[0m
  ↳ db/migrate/20200720161848_create_users.rb:11
  [1m[36mActiveRecord::SchemaMigration Create (2.6ms)[0m  [1m[32mINSERT INTO "schema_migrations" ("version") VALUES ($1) RETURNING "version"[0m  [["version", "20200720161848"]]
  ↳ bin/rails:9
  [1m[35m (0.3ms)[0m  [1m[35mCOMMIT[0m
  ↳ bin/rails:9
  [1m[36mActiveRecord::InternalMetadata Load (0.5ms)[0m  [1m[34mSELECT  "ar_internal_metadata".* FROM "ar_internal_metadata" WHERE "ar_internal_metadata"."key" = $1 LIMIT $2[0m  [["key", "environment"], ["LIMIT", 1]]
  ↳ bin/rails:9
  [1m[35m (0.3ms)[0m  [1m[35mBEGIN[0m
  ↳ bin/rails:9
  [1m[36mActiveRecord::InternalMetadata Create (0.8ms)[0m  [1m[32mINSERT INTO "ar_internal_metadata" ("key", "value", "created_at", "updated_at") VALUES ($1, $2, $3, $4) RETURNING "key"[0m  [["key", "environment"], ["value", "development"], ["created_at", "2020-07-20 16:20:08.222632"], ["updated_at", "2020-07-20 16:20:08.222632"]]
  ↳ bin/rails:9
  [1m[35m (0.2ms)[0m  [1m[35mCOMMIT[0m
  ↳ bin/rails:9
  [1m[35m (0.2ms)[0m  [1m[34mSELECT pg_advisory_unlock(688274183373989625)[0m
  ↳ bin/rails:9
  [1m[35m (0.5ms)[0m  [1m[34mSELECT "schema_migrations"."version" FROM "schema_migrations" ORDER BY "schema_migrations"."version" ASC[0m
  ↳ bin/rails:9
Started GET "/" for ::1 at 2020-07-20 10:02:26 -0700
  [1m[35m (0.7ms)[0m  [1m[34mSELECT "schema_migrations"."version" FROM "schema_migrations" ORDER BY "schema_migrations"."version" ASC[0m
  ↳ /Users/jaronlee/.rbenv/versions/2.5.1/lib/ruby/gems/2.5.0/gems/activerecord-5.2.4.3/lib/active_record/log_subscriber.rb:98
Processing by Rails::WelcomeController#index as HTML
  Rendering /Users/jaronlee/.rbenv/versions/2.5.1/lib/ruby/gems/2.5.0/gems/railties-5.2.4.3/lib/rails/templates/rails/welcome/index.html.erb
  Rendered /Users/jaronlee/.rbenv/versions/2.5.1/lib/ruby/gems/2.5.0/gems/railties-5.2.4.3/lib/rails/templates/rails/welcome/index.html.erb (2.7ms)
Completed 200 OK in 16ms (Views: 8.6ms | ActiveRecord: 0.0ms)


Started GET "/users/new" for ::1 at 2020-07-20 10:02:41 -0700
Processing by UsersController#new as HTML
  Rendering users/new.html.erb within layouts/application
  Rendered users/new.html.erb within layouts/application (0.8ms)
Completed 200 OK in 622ms (Views: 607.7ms | ActiveRecord: 6.5ms)


Started POST "/users" for ::1 at 2020-07-20 10:02:51 -0700
Processing by UsersController#create as HTML
  Parameters: {"authenticity_token"=>"ln2ZlYQY8p1dakul3CiGbX8iV+4H+B/FfPztrfqQ98Vo+ArIDWIDRVG7RMENqgeWwPdxnbtln21UlRfXkx/UFA==", "user"=>{"username"=>"Jaron", "password"=>"[FILTERED]"}}
Completed 500 Internal Server Error in 4ms (ActiveRecord: 0.0ms)



NameError - uninitialized constant User::BCrypt:
  app/models/user.rb:23:in `password='
  app/controllers/users_controller.rb:9:in `create'

Started POST "/__better_errors/0790f8ce9eb302d1/variables" for ::1 at 2020-07-20 10:02:51 -0700
Started GET "/users/new" for ::1 at 2020-07-20 10:04:25 -0700
  [1m[35m (1.6ms)[0m  [1m[34mSELECT "schema_migrations"."version" FROM "schema_migrations" ORDER BY "schema_migrations"."version" ASC[0m
  ↳ /Users/jaronlee/.rbenv/versions/2.5.1/lib/ruby/gems/2.5.0/gems/activerecord-5.2.4.3/lib/active_record/log_subscriber.rb:98
Processing by UsersController#new as HTML
  Rendering users/new.html.erb within layouts/application
  Rendered users/new.html.erb within layouts/application (1.2ms)
Completed 200 OK in 173ms (Views: 151.2ms | ActiveRecord: 6.4ms)


Started POST "/users" for ::1 at 2020-07-20 10:04:31 -0700
Processing by UsersController#create as HTML
  Parameters: {"authenticity_token"=>"ZKDL6rUbVMw+73axzasoQ6C7Rzg5Rzsm/6FfZ02VgOiaJVi3PGGlFDI+edUcKam4H25hS4Xau47XyKUdJBqjOQ==", "user"=>{"username"=>"Jaron", "password"=>"[FILTERED]"}}
  [1m[35m (0.2ms)[0m  [1m[35mBEGIN[0m
  ↳ app/controllers/users_controller.rb:10
  [1m[36mUser Exists (4.4ms)[0m  [1m[34mSELECT  1 AS one FROM "users" WHERE "users"."username" = $1 LIMIT $2[0m  [["username", "Jaron"], ["LIMIT", 1]]
  ↳ app/controllers/users_controller.rb:10
  [1m[36mUser Create (1.8ms)[0m  [1m[32mINSERT INTO "users" ("username", "session_token", "password_digest", "created_at", "updated_at") VALUES ($1, $2, $3, $4, $5) RETURNING "id"[0m  [["username", "Jaron"], ["session_token", "7S54sF74Vz3RtXBkHEi2ww"], ["password_digest", "$2a$12$1MgEAzoWmZ8Yg9zHSFagru4iDjK2ZTkLQpzSE7rUIa4/LKLfBCxnK"], ["created_at", "2020-07-20 17:04:32.060992"], ["updated_at", "2020-07-20 17:04:32.060992"]]
  ↳ app/controllers/users_controller.rb:10
  [1m[35m (0.4ms)[0m  [1m[35mCOMMIT[0m
  ↳ app/controllers/users_controller.rb:10
  [1m[35m (0.1ms)[0m  [1m[35mBEGIN[0m
  ↳ app/models/user.rb:32
  [1m[36mUser Exists (2.0ms)[0m  [1m[34mSELECT  1 AS one FROM "users" WHERE "users"."username" = $1 AND "users"."id" != $2 LIMIT $3[0m  [["username", "Jaron"], ["id", 1], ["LIMIT", 1]]
  ↳ app/models/user.rb:32
  [1m[36mUser Update (2.1ms)[0m  [1m[33mUPDATE "users" SET "session_token" = $1, "updated_at" = $2 WHERE "users"."id" = $3[0m  [["session_token", "7OktxnGqo-wadV7JcmZ2_w"], ["updated_at", "2020-07-20 17:04:32.068206"], ["id", 1]]
  ↳ app/models/user.rb:32
  [1m[35m (0.2ms)[0m  [1m[35mCOMMIT[0m
  ↳ app/models/user.rb:32
Redirected to http://localhost:3000/users/1
Completed 302 Found in 240ms (ActiveRecord: 11.2ms)


Started GET "/users/1" for ::1 at 2020-07-20 10:04:32 -0700
Processing by UsersController#show as HTML
  Parameters: {"id"=>"1"}
  [1m[36mUser Load (0.6ms)[0m  [1m[34mSELECT  "users".* FROM "users" WHERE "users"."id" = $1 LIMIT $2[0m  [["id", 1], ["LIMIT", 1]]
  ↳ app/controllers/users_controller.rb:20
  Rendering users/show.html.erb within layouts/application
  Rendered users/show.html.erb within layouts/application (0.8ms)
Completed 200 OK in 26ms (Views: 22.1ms | ActiveRecord: 0.8ms)


Started GET "/users/1" for ::1 at 2020-07-20 10:05:15 -0700
Processing by UsersController#show as HTML
  Parameters: {"id"=>"1"}
  [1m[36mUser Load (0.3ms)[0m  [1m[34mSELECT  "users".* FROM "users" WHERE "users"."id" = $1 LIMIT $2[0m  [["id", 1], ["LIMIT", 1]]
  ↳ app/controllers/users_controller.rb:20
  Rendering users/show.html.erb within layouts/application
  Rendered users/show.html.erb within layouts/application (0.8ms)
Completed 200 OK in 44ms (Views: 43.0ms | ActiveRecord: 0.3ms)


Started GET "/users/1" for ::1 at 2020-07-20 10:05:32 -0700
Processing by UsersController#show as HTML
  Parameters: {"id"=>"1"}
  [1m[36mUser Load (0.4ms)[0m  [1m[34mSELECT  "users".* FROM "users" WHERE "users"."id" = $1 LIMIT $2[0m  [["id", 1], ["LIMIT", 1]]
  ↳ app/controllers/users_controller.rb:20
  Rendering users/show.html.erb within layouts/application
  Rendered users/show.html.erb within layouts/application (0.9ms)
Completed 200 OK in 24ms (Views: 22.5ms | ActiveRecord: 0.4ms)


Started GET "/users/1" for ::1 at 2020-07-20 10:05:32 -0700
Processing by UsersController#show as HTML
  Parameters: {"id"=>"1"}
  [1m[36mUser Load (0.4ms)[0m  [1m[34mSELECT  "users".* FROM "users" WHERE "users"."id" = $1 LIMIT $2[0m  [["id", 1], ["LIMIT", 1]]
  ↳ app/controllers/users_controller.rb:20
  Rendering users/show.html.erb within layouts/application
  Rendered users/show.html.erb within layouts/application (0.6ms)
Completed 200 OK in 22ms (Views: 20.6ms | ActiveRecord: 0.4ms)


Started GET "/users/1" for ::1 at 2020-07-20 10:05:57 -0700
Processing by UsersController#show as HTML
  Parameters: {"id"=>"1"}
  [1m[36mUser Load (0.4ms)[0m  [1m[34mSELECT  "users".* FROM "users" WHERE "users"."id" = $1 LIMIT $2[0m  [["id", 1], ["LIMIT", 1]]
  ↳ app/controllers/users_controller.rb:20
  Rendering users/show.html.erb within layouts/application
  Rendered users/show.html.erb within layouts/application (0.6ms)
Completed 200 OK in 25ms (Views: 22.9ms | ActiveRecord: 0.4ms)


Started GET "/users/1" for ::1 at 2020-07-20 10:06:04 -0700
Processing by UsersController#show as HTML
  Parameters: {"id"=>"1"}
  [1m[36mUser Load (0.4ms)[0m  [1m[34mSELECT  "users".* FROM "users" WHERE "users"."id" = $1 LIMIT $2[0m  [["id", 1], ["LIMIT", 1]]
  ↳ app/controllers/users_controller.rb:20
  Rendering users/show.html.erb within layouts/application
  Rendered users/show.html.erb within layouts/application (1.7ms)
Completed 200 OK in 36ms (Views: 34.7ms | ActiveRecord: 0.4ms)


Started GET "/users/1" for ::1 at 2020-07-20 10:06:10 -0700
Processing by UsersController#show as HTML
  Parameters: {"id"=>"1"}
  [1m[36mUser Load (0.2ms)[0m  [1m[34mSELECT  "users".* FROM "users" WHERE "users"."id" = $1 LIMIT $2[0m  [["id", 1], ["LIMIT", 1]]
  ↳ app/controllers/users_controller.rb:20
  Rendering users/show.html.erb within layouts/application
  Rendered users/show.html.erb within layouts/application (0.9ms)
Completed 200 OK in 30ms (Views: 28.4ms | ActiveRecord: 0.2ms)


Started GET "/users/1/edit" for ::1 at 2020-07-20 10:06:24 -0700
Processing by UsersController#edit as HTML
  Parameters: {"id"=>"1"}
  [1m[36mUser Load (0.3ms)[0m  [1m[34mSELECT  "users".* FROM "users" WHERE "users"."id" = $1 LIMIT $2[0m  [["id", 1], ["LIMIT", 1]]
  ↳ app/controllers/users_controller.rb:33
  Rendering users/edit.html.erb within layouts/application
  Rendered users/edit.html.erb within layouts/application (1.7ms)
Completed 500 Internal Server Error in 11ms (ActiveRecord: 0.3ms)



SyntaxError - syntax error, unexpected ')', expecting keyword_end
...uffer.append=(user_url(@user)));@output_buffer.safe_append='...
...                              ^:
  app/views/users/edit.html.erb:3:in `'
  app/controllers/users_controller.rb:34:in `edit'

Started POST "/__better_errors/535dff356a35f4f1/variables" for ::1 at 2020-07-20 10:06:24 -0700
Started GET "/users/1/edit" for ::1 at 2020-07-20 10:06:53 -0700
Processing by UsersController#edit as HTML
  Parameters: {"id"=>"1"}
  [1m[36mUser Load (0.3ms)[0m  [1m[34mSELECT  "users".* FROM "users" WHERE "users"."id" = $1 LIMIT $2[0m  [["id", 1], ["LIMIT", 1]]
  ↳ app/controllers/users_controller.rb:33
  Rendering users/edit.html.erb within layouts/application
  Rendered users/edit.html.erb within layouts/application (0.7ms)
Completed 200 OK in 29ms (Views: 26.9ms | ActiveRecord: 0.3ms)


Started PATCH "/users/1" for ::1 at 2020-07-20 10:06:59 -0700
Processing by UsersController#update as HTML
  Parameters: {"authenticity_token"=>"ez5ceZlIG6JA+qlsaZPDm+9b9T2l7H+Zt4Qkg4mzQbyFu88kEDLqekwrpgi4EUJgUI7TThlx/zGf7d754DxibQ==", "user"=>{"username"=>"Jaron", "password"=>"[FILTERED]"}, "id"=>"1"}
  [1m[36mUser Load (0.2ms)[0m  [1m[34mSELECT  "users".* FROM "users" WHERE "users"."id" = $1 LIMIT $2[0m  [["id", 1], ["LIMIT", 1]]
  ↳ app/controllers/users_controller.rb:38
  [1m[36mUser Load (0.3ms)[0m  [1m[34mSELECT  "users".* FROM "users" WHERE "users"."session_token" = $1 LIMIT $2[0m  [["session_token", "7OktxnGqo-wadV7JcmZ2_w"], ["LIMIT", 1]]
  ↳ app/controllers/application_controller.rb:8
  [1m[35m (0.1ms)[0m  [1m[35mBEGIN[0m
  ↳ app/controllers/users_controller.rb:40
  [1m[36mUser Exists (0.6ms)[0m  [1m[34mSELECT  1 AS one FROM "users" WHERE "users"."username" = $1 AND "users"."id" != $2 LIMIT $3[0m  [["username", "Jaron"], ["id", 1], ["LIMIT", 1]]
  ↳ app/controllers/users_controller.rb:40
  [1m[36mUser Update (0.4ms)[0m  [1m[33mUPDATE "users" SET "password_digest" = $1, "updated_at" = $2 WHERE "users"."id" = $3[0m  [["password_digest", "$2a$12$NzSU/o48DGzCxiD3DG/s3u7Qe9KxmnwRnj3bVltS.iSlKhCTcwKnm"], ["updated_at", "2020-07-20 17:06:59.872055"], ["id", 1]]
  ↳ app/controllers/users_controller.rb:40
  [1m[35m (0.2ms)[0m  [1m[35mCOMMIT[0m
  ↳ app/controllers/users_controller.rb:40
Redirected to http://localhost:3000/users/1
Completed 302 Found in 217ms (ActiveRecord: 1.8ms)


Started GET "/users/1" for ::1 at 2020-07-20 10:06:59 -0700
Processing by UsersController#show as HTML
  Parameters: {"id"=>"1"}
  [1m[36mUser Load (0.1ms)[0m  [1m[34mSELECT  "users".* FROM "users" WHERE "users"."id" = $1 LIMIT $2[0m  [["id", 1], ["LIMIT", 1]]
  ↳ app/controllers/users_controller.rb:20
  Rendering users/show.html.erb within layouts/application
  Rendered users/show.html.erb within layouts/application (0.6ms)
Completed 200 OK in 45ms (Views: 22.2ms | ActiveRecord: 0.1ms)


Started GET "/users/1" for ::1 at 2020-07-20 10:09:15 -0700
Processing by UsersController#show as HTML
  Parameters: {"id"=>"1"}
  [1m[36mUser Load (0.2ms)[0m  [1m[34mSELECT  "users".* FROM "users" WHERE "users"."id" = $1 LIMIT $2[0m  [["id", 1], ["LIMIT", 1]]
  ↳ app/controllers/users_controller.rb:20
  Rendering users/show.html.erb within layouts/application
  Rendered users/show.html.erb within layouts/application (0.7ms)
  [1m[36mUser Load (0.3ms)[0m  [1m[34mSELECT  "users".* FROM "users" WHERE "users"."session_token" = $1 LIMIT $2[0m  [["session_token", "7OktxnGqo-wadV7JcmZ2_w"], ["LIMIT", 1]]
  ↳ app/controllers/application_controller.rb:8
Completed 200 OK in 27ms (Views: 25.0ms | ActiveRecord: 0.5ms)


Started DELETE "/users/1" for ::1 at 2020-07-20 10:09:27 -0700
Processing by UsersController#destroy as HTML
  Parameters: {"authenticity_token"=>"zrFaMVk9pn4aZatWYoldmHH4r/BOWBCIxG0RYo6W8KIwNMls0EdXpha0pDKzC9xjzi2Jg/LFkCDsBOsY5xnTcw==", "id"=>"1"}
  [1m[36mUser Load (0.2ms)[0m  [1m[34mSELECT  "users".* FROM "users" WHERE "users"."id" = $1 LIMIT $2[0m  [["id", 1], ["LIMIT", 1]]
  ↳ app/controllers/users_controller.rb:25
  [1m[36mUser Load (0.3ms)[0m  [1m[34mSELECT  "users".* FROM "users" WHERE "users"."session_token" = $1 LIMIT $2[0m  [["session_token", "7OktxnGqo-wadV7JcmZ2_w"], ["LIMIT", 1]]
  ↳ app/controllers/application_controller.rb:8
  [1m[35m (0.1ms)[0m  [1m[35mBEGIN[0m
  ↳ app/controllers/users_controller.rb:27
  [1m[36mUser Destroy (0.3ms)[0m  [1m[31mDELETE FROM "users" WHERE "users"."id" = $1[0m  [["id", 1]]
  ↳ app/controllers/users_controller.rb:27
  [1m[35m (0.3ms)[0m  [1m[35mCOMMIT[0m
  ↳ app/controllers/users_controller.rb:27
Redirected to http://localhost:3000/users/new
Completed 302 Found in 25ms (ActiveRecord: 1.3ms)


Started GET "/users/new" for ::1 at 2020-07-20 10:09:27 -0700
Processing by UsersController#new as HTML
  Rendering users/new.html.erb within layouts/application
  Rendered users/new.html.erb within layouts/application (0.5ms)
  [1m[36mUser Load (0.3ms)[0m  [1m[34mSELECT  "users".* FROM "users" WHERE "users"."session_token" = $1 LIMIT $2[0m  [["session_token", "7OktxnGqo-wadV7JcmZ2_w"], ["LIMIT", 1]]
  ↳ app/controllers/application_controller.rb:8
Completed 200 OK in 21ms (Views: 19.9ms | ActiveRecord: 0.3ms)


  [1m[35m (0.2ms)[0m  [1m[34mSELECT pg_try_advisory_lock(688274183373989625)[0m
  ↳ bin/rails:9
  [1m[35m (0.9ms)[0m  [1m[34mSELECT "schema_migrations"."version" FROM "schema_migrations" ORDER BY "schema_migrations"."version" ASC[0m
  ↳ bin/rails:9
Migrating to CreateSubs (20200720171909)
  [1m[35m (0.1ms)[0m  [1m[35mBEGIN[0m
  ↳ bin/rails:9
  [1m[35m (12.4ms)[0m  [1m[35mCREATE TABLE "subs" ("id" bigserial primary key, "title" character varying NOT NULL, "description" character varying, "moderator_id" integer NOT NULL, "created_at" timestamp NOT NULL, "updated_at" timestamp NOT NULL)[0m
  ↳ db/migrate/20200720171909_create_subs.rb:3
  [1m[35m (1.3ms)[0m  [1m[35mCREATE  INDEX  "index_subs_on_moderator_id" ON "subs"  ("moderator_id")[0m
  ↳ db/migrate/20200720171909_create_subs.rb:11
  [1m[36mActiveRecord::SchemaMigration Create (0.4ms)[0m  [1m[32mINSERT INTO "schema_migrations" ("version") VALUES ($1) RETURNING "version"[0m  [["version", "20200720171909"]]
  ↳ bin/rails:9
  [1m[35m (0.4ms)[0m  [1m[35mCOMMIT[0m
  ↳ bin/rails:9
Migrating to CreatePosts (20200720171959)
  [1m[35m (0.3ms)[0m  [1m[35mBEGIN[0m
  ↳ bin/rails:9
  [1m[35m (10.8ms)[0m  [1m[35mCREATE TABLE "posts" ("id" bigserial primary key, "title" character varying NOT NULL, "content" text, "sub_id" integer NOT NULL, "author_id" integer NOT NULL, "created_at" timestamp NOT NULL, "updated_at" timestamp NOT NULL)[0m
  ↳ db/migrate/20200720171959_create_posts.rb:3
  [1m[35m (0.8ms)[0m  [1m[35mCREATE  INDEX  "index_posts_on_sub_id" ON "posts"  ("sub_id")[0m
  ↳ db/migrate/20200720171959_create_posts.rb:12
  [1m[35m (0.8ms)[0m  [1m[35mCREATE  INDEX  "index_posts_on_author_id" ON "posts"  ("author_id")[0m
  ↳ db/migrate/20200720171959_create_posts.rb:13
  [1m[36mActiveRecord::SchemaMigration Create (0.4ms)[0m  [1m[32mINSERT INTO "schema_migrations" ("version") VALUES ($1) RETURNING "version"[0m  [["version", "20200720171959"]]
  ↳ bin/rails:9
  [1m[35m (0.3ms)[0m  [1m[35mCOMMIT[0m
  ↳ bin/rails:9
  [1m[36mActiveRecord::InternalMetadata Load (0.4ms)[0m  [1m[34mSELECT  "ar_internal_metadata".* FROM "ar_internal_metadata" WHERE "ar_internal_metadata"."key" = $1 LIMIT $2[0m  [["key", "environment"], ["LIMIT", 1]]
  ↳ bin/rails:9
  [1m[35m (0.2ms)[0m  [1m[35mBEGIN[0m
  ↳ bin/rails:9
  [1m[35m (0.2ms)[0m  [1m[35mCOMMIT[0m
  ↳ bin/rails:9
  [1m[35m (0.3ms)[0m  [1m[34mSELECT pg_advisory_unlock(688274183373989625)[0m
  ↳ bin/rails:9
  [1m[35m (0.3ms)[0m  [1m[34mSELECT "schema_migrations"."version" FROM "schema_migrations" ORDER BY "schema_migrations"."version" ASC[0m
  ↳ bin/rails:9
  [1m[35m (0.7ms)[0m  [1m[34mSELECT "schema_migrations"."version" FROM "schema_migrations" ORDER BY "schema_migrations"."version" ASC[0m
  ↳ /Users/jaronlee/.rbenv/versions/2.5.1/bin/annotate:23
  [1m[35m (0.9ms)[0m  [1m[34mSELECT "schema_migrations"."version" FROM "schema_migrations" ORDER BY "schema_migrations"."version" ASC[0m
  ↳ /Users/jaronlee/.rbenv/versions/2.5.1/bin/annotate:23
Started GET "/" for ::1 at 2020-07-20 11:29:03 -0700
  [1m[35m (0.7ms)[0m  [1m[34mSELECT "schema_migrations"."version" FROM "schema_migrations" ORDER BY "schema_migrations"."version" ASC[0m
  ↳ /Users/jaronlee/.rbenv/versions/2.5.1/lib/ruby/gems/2.5.0/gems/activerecord-5.2.4.3/lib/active_record/log_subscriber.rb:98
Processing by Rails::WelcomeController#index as HTML
  Rendering /Users/jaronlee/.rbenv/versions/2.5.1/lib/ruby/gems/2.5.0/gems/railties-5.2.4.3/lib/rails/templates/rails/welcome/index.html.erb
  Rendered /Users/jaronlee/.rbenv/versions/2.5.1/lib/ruby/gems/2.5.0/gems/railties-5.2.4.3/lib/rails/templates/rails/welcome/index.html.erb (2.7ms)
Completed 200 OK in 16ms (Views: 8.7ms | ActiveRecord: 0.0ms)


Started GET "/users/new" for ::1 at 2020-07-20 11:29:21 -0700
Processing by UsersController#new as HTML
  Rendering users/new.html.erb within layouts/application
  Rendered users/new.html.erb within layouts/application (0.8ms)
  [1m[36mUser Load (0.4ms)[0m  [1m[34mSELECT  "users".* FROM "users" WHERE "users"."session_token" = $1 LIMIT $2[0m  [["session_token", "7OktxnGqo-wadV7JcmZ2_w"], ["LIMIT", 1]]
  ↳ app/controllers/application_controller.rb:8
Completed 200 OK in 246ms (Views: 227.9ms | ActiveRecord: 6.6ms)


Started POST "/users" for ::1 at 2020-07-20 11:29:40 -0700
Processing by UsersController#create as HTML
  Parameters: {"authenticity_token"=>"EYuyFg0ZnnXw7oHDcqYjnN+8lX9mBKklA0bcxz7mZe/vDiFLhGNvrfw/jqejJKJnYGmzDNqZKY0rLya9V2lGPg==", "user"=>{"username"=>"Jaron", "password"=>"[FILTERED]"}}
  [1m[35m (0.1ms)[0m  [1m[35mBEGIN[0m
  ↳ app/controllers/users_controller.rb:10
  [1m[36mUser Exists (2.4ms)[0m  [1m[34mSELECT  1 AS one FROM "users" WHERE "users"."username" = $1 LIMIT $2[0m  [["username", "Jaron"], ["LIMIT", 1]]
  ↳ app/controllers/users_controller.rb:10
  [1m[36mUser Create (1.2ms)[0m  [1m[32mINSERT INTO "users" ("username", "session_token", "password_digest", "created_at", "updated_at") VALUES ($1, $2, $3, $4, $5) RETURNING "id"[0m  [["username", "Jaron"], ["session_token", "XL4DKYbOIBXoiyrBH3nTqg"], ["password_digest", "$2a$12$TEj0HCyvmxnB.nVlzD7s9uO2qaRipCGiO2y.nDIi3BZlDLXuEsjjy"], ["created_at", "2020-07-20 18:29:40.291740"], ["updated_at", "2020-07-20 18:29:40.291740"]]
  ↳ app/controllers/users_controller.rb:10
  [1m[35m (0.3ms)[0m  [1m[35mCOMMIT[0m
  ↳ app/controllers/users_controller.rb:10
  [1m[35m (0.1ms)[0m  [1m[35mBEGIN[0m
  ↳ app/models/user.rb:52
  [1m[36mUser Exists (0.4ms)[0m  [1m[34mSELECT  1 AS one FROM "users" WHERE "users"."username" = $1 AND "users"."id" != $2 LIMIT $3[0m  [["username", "Jaron"], ["id", 2], ["LIMIT", 1]]
  ↳ app/models/user.rb:52
  [1m[36mUser Update (0.4ms)[0m  [1m[33mUPDATE "users" SET "session_token" = $1, "updated_at" = $2 WHERE "users"."id" = $3[0m  [["session_token", "4AAf2tonEg8OPX2U0ec9dQ"], ["updated_at", "2020-07-20 18:29:40.296032"], ["id", 2]]
  ↳ app/models/user.rb:52
  [1m[35m (0.3ms)[0m  [1m[35mCOMMIT[0m
  ↳ app/models/user.rb:52
Redirected to http://localhost:3000/users/2
Completed 302 Found in 223ms (ActiveRecord: 5.3ms)


Started GET "/users/2" for ::1 at 2020-07-20 11:29:40 -0700
Processing by UsersController#show as HTML
  Parameters: {"id"=>"2"}
  [1m[36mUser Load (0.3ms)[0m  [1m[34mSELECT  "users".* FROM "users" WHERE "users"."id" = $1 LIMIT $2[0m  [["id", 2], ["LIMIT", 1]]
  ↳ app/controllers/users_controller.rb:20
  Rendering users/show.html.erb within layouts/application
  Rendered users/show.html.erb within layouts/application (0.7ms)
  [1m[36mUser Load (0.2ms)[0m  [1m[34mSELECT  "users".* FROM "users" WHERE "users"."session_token" = $1 LIMIT $2[0m  [["session_token", "4AAf2tonEg8OPX2U0ec9dQ"], ["LIMIT", 1]]
  ↳ app/controllers/application_controller.rb:8
Completed 200 OK in 31ms (Views: 27.6ms | ActiveRecord: 0.7ms)


Started GET "/subs" for ::1 at 2020-07-20 11:30:20 -0700
Processing by SubsController#index as HTML
  Rendering subs/index.html.erb within layouts/application
  [1m[36mSub Load (1.8ms)[0m  [1m[34mSELECT "subs".* FROM "subs"[0m
  ↳ app/views/subs/index.html.erb:3
  Rendered subs/index.html.erb within layouts/application (6.7ms)
  [1m[36mUser Load (0.7ms)[0m  [1m[34mSELECT  "users".* FROM "users" WHERE "users"."session_token" = $1 LIMIT $2[0m  [["session_token", "4AAf2tonEg8OPX2U0ec9dQ"], ["LIMIT", 1]]
  ↳ app/controllers/application_controller.rb:8
Completed 200 OK in 57ms (Views: 39.3ms | ActiveRecord: 12.2ms)


Started GET "/subs/new" for ::1 at 2020-07-20 11:30:37 -0700
Processing by SubsController#new as HTML
  [1m[36mUser Load (0.3ms)[0m  [1m[34mSELECT  "users".* FROM "users" WHERE "users"."session_token" = $1 LIMIT $2[0m  [["session_token", "4AAf2tonEg8OPX2U0ec9dQ"], ["LIMIT", 1]]
  ↳ app/controllers/application_controller.rb:8
  Rendering subs/new.html.erb within layouts/application
  Rendered subs/new.html.erb within layouts/application (0.6ms)
Completed 200 OK in 35ms (Views: 25.9ms | ActiveRecord: 3.6ms)


Started POST "/subs" for ::1 at 2020-07-20 11:31:02 -0700
Processing by SubsController#create as HTML
  Parameters: {"authenticity_token"=>"qQ8CKY24XlPBniQ8aupXYUIrs0Nw+s84OAyHT/FZP6xXipF0BMKvi81PK1i7aNaa/f6VMMxnT5AQZX01mNYcfQ==", "sub"=>{"title"=>"Valorant Wall Hacks", "description"=>"places to wall hack"}}
  [1m[36mUser Load (0.3ms)[0m  [1m[34mSELECT  "users".* FROM "users" WHERE "users"."session_token" = $1 LIMIT $2[0m  [["session_token", "4AAf2tonEg8OPX2U0ec9dQ"], ["LIMIT", 1]]
  ↳ app/controllers/application_controller.rb:8
  [1m[35m (0.1ms)[0m  [1m[35mBEGIN[0m
  ↳ app/controllers/subs_controller.rb:14
  [1m[35m (4.0ms)[0m  [1m[31mROLLBACK[0m
  ↳ app/controllers/subs_controller.rb:14
  Rendering subs/new.html.erb within layouts/application
  Rendered subs/new.html.erb within layouts/application (0.7ms)
Completed 200 OK in 66ms (Views: 34.1ms | ActiveRecord: 4.5ms)


Started POST "/subs" for ::1 at 2020-07-20 11:33:26 -0700
Processing by SubsController#create as HTML
  Parameters: {"authenticity_token"=>"6+zv+iyse9xkGIwnqnjfOVmV9s8joYSxqx5Ud1xiKBEVaXynpdaKBGjJg0N7+l7C5kDQvJ88BBmDd64NNe0LwA==", "sub"=>{"title"=>"Valorant", "description"=>"wall hacks"}}
  [1m[36mUser Load (0.3ms)[0m  [1m[34mSELECT  "users".* FROM "users" WHERE "users"."session_token" = $1 LIMIT $2[0m  [["session_token", "4AAf2tonEg8OPX2U0ec9dQ"], ["LIMIT", 1]]
  ↳ app/controllers/application_controller.rb:8
  [1m[35m (0.2ms)[0m  [1m[35mBEGIN[0m
  ↳ app/controllers/subs_controller.rb:15
  [1m[36mUser Load (0.3ms)[0m  [1m[34mSELECT  "users".* FROM "users" WHERE "users"."id" = $1 LIMIT $2[0m  [["id", 2], ["LIMIT", 1]]
  ↳ app/controllers/subs_controller.rb:15
  [1m[36mSub Create (1.7ms)[0m  [1m[32mINSERT INTO "subs" ("title", "description", "moderator_id", "created_at", "updated_at") VALUES ($1, $2, $3, $4, $5) RETURNING "id"[0m  [["title", "Valorant"], ["description", "wall hacks"], ["moderator_id", 2], ["created_at", "2020-07-20 18:33:26.164147"], ["updated_at", "2020-07-20 18:33:26.164147"]]
  ↳ app/controllers/subs_controller.rb:15
  [1m[35m (0.3ms)[0m  [1m[35mCOMMIT[0m
  ↳ app/controllers/subs_controller.rb:15
Redirected to http://localhost:3000/subs/1
Completed 302 Found in 64ms (ActiveRecord: 12.7ms)


Started GET "/subs/1" for ::1 at 2020-07-20 11:33:26 -0700
Processing by SubsController#show as HTML
  Parameters: {"id"=>"1"}
  [1m[36mSub Load (0.4ms)[0m  [1m[34mSELECT  "subs".* FROM "subs" WHERE "subs"."id" = $1 LIMIT $2[0m  [["id", 1], ["LIMIT", 1]]
  ↳ app/controllers/subs_controller.rb:39
  Rendering subs/show.html.erb within layouts/application
  Rendered subs/show.html.erb within layouts/application (9.4ms)
Completed 500 Internal Server Error in 18ms (ActiveRecord: 0.4ms)



ActionView::Template::Error - undefined method `name' for #<Sub:0x00007fe5760ca068>:
  app/views/subs/show.html.erb:1:in `view template'
  app/controllers/subs_controller.rb:40:in `show'

Started POST "/__better_errors/e21bddb592ad2372/variables" for ::1 at 2020-07-20 11:33:26 -0700
Started GET "/subs" for ::1 at 2020-07-20 11:33:55 -0700
Processing by SubsController#index as HTML
  Rendering subs/index.html.erb within layouts/application
  [1m[36mSub Load (0.4ms)[0m  [1m[34mSELECT "subs".* FROM "subs"[0m
  ↳ app/views/subs/index.html.erb:3
  Rendered subs/index.html.erb within layouts/application (8.1ms)
Completed 500 Internal Server Error in 15ms (ActiveRecord: 0.4ms)



ActionView::Template::Error - undefined method `content' for #<Sub:0x00007fe57485e0d8>:
  app/views/subs/index.html.erb:5:in `view template'
  app/controllers/subs_controller.rb:45:in `index'

Started POST "/__better_errors/6d74c5a76b9a223d/variables" for ::1 at 2020-07-20 11:33:55 -0700
Started POST "/subs" for ::1 at 2020-07-20 11:33:58 -0700
Processing by SubsController#create as HTML
  Parameters: {"authenticity_token"=>"qQ8CKY24XlPBniQ8aupXYUIrs0Nw+s84OAyHT/FZP6xXipF0BMKvi81PK1i7aNaa/f6VMMxnT5AQZX01mNYcfQ==", "sub"=>{"title"=>"Valorant Wall Hacks", "description"=>"places to wall hack"}}
  [1m[36mUser Load (0.3ms)[0m  [1m[34mSELECT  "users".* FROM "users" WHERE "users"."session_token" = $1 LIMIT $2[0m  [["session_token", "4AAf2tonEg8OPX2U0ec9dQ"], ["LIMIT", 1]]
  ↳ app/controllers/application_controller.rb:8
  [1m[35m (0.1ms)[0m  [1m[35mBEGIN[0m
  ↳ app/controllers/subs_controller.rb:15
  [1m[36mUser Load (0.2ms)[0m  [1m[34mSELECT  "users".* FROM "users" WHERE "users"."id" = $1 LIMIT $2[0m  [["id", 2], ["LIMIT", 1]]
  ↳ app/controllers/subs_controller.rb:15
  [1m[36mSub Create (0.4ms)[0m  [1m[32mINSERT INTO "subs" ("title", "description", "moderator_id", "created_at", "updated_at") VALUES ($1, $2, $3, $4, $5) RETURNING "id"[0m  [["title", "Valorant Wall Hacks"], ["description", "places to wall hack"], ["moderator_id", 2], ["created_at", "2020-07-20 18:33:58.519796"], ["updated_at", "2020-07-20 18:33:58.519796"]]
  ↳ app/controllers/subs_controller.rb:15
  [1m[35m (0.3ms)[0m  [1m[35mCOMMIT[0m
  ↳ app/controllers/subs_controller.rb:15
Redirected to http://localhost:3000/subs/2
Completed 302 Found in 6ms (ActiveRecord: 1.3ms)


Started GET "/subs/2" for ::1 at 2020-07-20 11:33:58 -0700
Processing by SubsController#show as HTML
  Parameters: {"id"=>"2"}
  [1m[36mSub Load (0.2ms)[0m  [1m[34mSELECT  "subs".* FROM "subs" WHERE "subs"."id" = $1 LIMIT $2[0m  [["id", 2], ["LIMIT", 1]]
  ↳ app/controllers/subs_controller.rb:39
  Rendering subs/show.html.erb within layouts/application
  [1m[36mPost Load (1.3ms)[0m  [1m[34mSELECT "posts".* FROM "posts" WHERE "posts"."sub_id" = $1[0m  [["sub_id", 2]]
  ↳ app/views/subs/show.html.erb:7
  Rendered subs/show.html.erb within layouts/application (17.6ms)
  [1m[36mUser Load (0.3ms)[0m  [1m[34mSELECT  "users".* FROM "users" WHERE "users"."session_token" = $1 LIMIT $2[0m  [["session_token", "4AAf2tonEg8OPX2U0ec9dQ"], ["LIMIT", 1]]
  ↳ app/controllers/application_controller.rb:8
Completed 200 OK in 46ms (Views: 41.5ms | ActiveRecord: 3.6ms)


Started GET "/posts/new" for ::1 at 2020-07-20 11:34:14 -0700
Processing by PostsController#new as HTML
  [1m[36mUser Load (0.4ms)[0m  [1m[34mSELECT  "users".* FROM "users" WHERE "users"."session_token" = $1 LIMIT $2[0m  [["session_token", "4AAf2tonEg8OPX2U0ec9dQ"], ["LIMIT", 1]]
  ↳ app/controllers/application_controller.rb:8
  Rendering posts/new.html.erb within layouts/application
  Rendered posts/new.html.erb within layouts/application (0.5ms)
Completed 200 OK in 36ms (Views: 25.8ms | ActiveRecord: 2.9ms)


Started POST "/posts" for ::1 at 2020-07-20 11:34:38 -0700
Processing by PostsController#create as HTML
  Parameters: {"authenticity_token"=>"iSbbFL7k7mcelkziY/6W5KoGcqWPZomC1nAJ5SK9gwd3o0hJN54fvxJHQ4ayfBcfFdNU1jP7CSr+GfOfSzKg1g==", "post"=>{"title"=>"Ascent", "content"=>"B main wall hack"}}
  [1m[36mUser Load (0.2ms)[0m  [1m[34mSELECT  "users".* FROM "users" WHERE "users"."session_token" = $1 LIMIT $2[0m  [["session_token", "4AAf2tonEg8OPX2U0ec9dQ"], ["LIMIT", 1]]
  ↳ app/controllers/application_controller.rb:8
  [1m[35m (0.1ms)[0m  [1m[35mBEGIN[0m
  ↳ app/controllers/posts_controller.rb:13
  [1m[35m (0.1ms)[0m  [1m[31mROLLBACK[0m
  ↳ app/controllers/posts_controller.rb:13
  Rendering posts/new.html.erb within layouts/application
  Rendered posts/new.html.erb within layouts/application (0.7ms)
Completed 200 OK in 29ms (Views: 24.7ms | ActiveRecord: 0.5ms)


Started GET "/subs/2" for ::1 at 2020-07-20 11:35:39 -0700
Processing by SubsController#show as HTML
  Parameters: {"id"=>"2"}
  [1m[36mSub Load (0.2ms)[0m  [1m[34mSELECT  "subs".* FROM "subs" WHERE "subs"."id" = $1 LIMIT $2[0m  [["id", 2], ["LIMIT", 1]]
  ↳ app/controllers/subs_controller.rb:39
  Rendering subs/show.html.erb within layouts/application
  [1m[36mPost Load (0.3ms)[0m  [1m[34mSELECT "posts".* FROM "posts" WHERE "posts"."sub_id" = $1[0m  [["sub_id", 2]]
  ↳ app/views/subs/show.html.erb:7
  Rendered subs/show.html.erb within layouts/application (6.6ms)
  [1m[36mUser Load (0.2ms)[0m  [1m[34mSELECT  "users".* FROM "users" WHERE "users"."session_token" = $1 LIMIT $2[0m  [["session_token", "4AAf2tonEg8OPX2U0ec9dQ"], ["LIMIT", 1]]
  ↳ app/controllers/application_controller.rb:8
Completed 200 OK in 60ms (Views: 40.0ms | ActiveRecord: 11.5ms)


Started GET "/posts/new" for ::1 at 2020-07-20 11:36:00 -0700
Processing by PostsController#new as HTML
  [1m[36mUser Load (0.3ms)[0m  [1m[34mSELECT  "users".* FROM "users" WHERE "users"."session_token" = $1 LIMIT $2[0m  [["session_token", "4AAf2tonEg8OPX2U0ec9dQ"], ["LIMIT", 1]]
  ↳ app/controllers/application_controller.rb:8
  Rendering posts/new.html.erb within layouts/application
  Rendered posts/new.html.erb within layouts/application (0.6ms)
Completed 200 OK in 33ms (Views: 24.4ms | ActiveRecord: 2.9ms)


Started POST "/posts" for ::1 at 2020-07-20 11:36:07 -0700
Processing by PostsController#create as HTML
  Parameters: {"authenticity_token"=>"K6prkQAOVw0dO7+smkwDymXM23z+mCSt4T2+agifiYPVL/jMiXSm1RHqsMhLzoIx2hn9D0IFpAXJVEQQYRCqUg==", "post"=>{"title"=>"Ascent", "content"=>"B site"}}
  [1m[36mUser Load (0.2ms)[0m  [1m[34mSELECT  "users".* FROM "users" WHERE "users"."session_token" = $1 LIMIT $2[0m  [["session_token", "4AAf2tonEg8OPX2U0ec9dQ"], ["LIMIT", 1]]
  ↳ app/controllers/application_controller.rb:8
  [1m[35m (0.2ms)[0m  [1m[35mBEGIN[0m
  ↳ app/controllers/posts_controller.rb:13
  [1m[36mUser Load (0.3ms)[0m  [1m[34mSELECT  "users".* FROM "users" WHERE "users"."id" = $1 LIMIT $2[0m  [["id", 2], ["LIMIT", 1]]
  ↳ app/controllers/posts_controller.rb:13
  [1m[35m (0.1ms)[0m  [1m[31mROLLBACK[0m
  ↳ app/controllers/posts_controller.rb:13
  Rendering posts/new.html.erb within layouts/application
  Rendered posts/new.html.erb within layouts/application (0.5ms)
Completed 200 OK in 34ms (Views: 24.8ms | ActiveRecord: 0.7ms)


Started POST "/posts" for ::1 at 2020-07-20 11:36:24 -0700
Processing by PostsController#create as HTML
  Parameters: {"authenticity_token"=>"fBbPabZN6QGHFeTRzpBYbS01rgVWzTSk9ggCHZG1Pa+Ck1w0PzcY2YvE67UfEtmWkuCIdupQtAzeYfhn+Doefg==", "post"=>{"title"=>"ascent", "content"=>"b site"}}
  [1m[36mUser Load (0.2ms)[0m  [1m[34mSELECT  "users".* FROM "users" WHERE "users"."session_token" = $1 LIMIT $2[0m  [["session_token", "4AAf2tonEg8OPX2U0ec9dQ"], ["LIMIT", 1]]
  ↳ app/controllers/application_controller.rb:8
  [1m[36mSub Load (0.2ms)[0m  [1m[34mSELECT  "subs".* FROM "subs" WHERE "subs"."moderator_id" = $1 LIMIT $2[0m  [["moderator_id", 2], ["LIMIT", 11]]
  ↳ /Users/jaronlee/.rbenv/versions/2.5.1/lib/ruby/gems/2.5.0/gems/activerecord-5.2.4.3/lib/active_record/log_subscriber.rb:98
Completed 500 Internal Server Error in 30ms (ActiveRecord: 6.5ms)


  [1m[36mCACHE Sub Load (0.0ms)[0m  [1m[34mSELECT  "subs".* FROM "subs" WHERE "subs"."moderator_id" = $1 LIMIT $2[0m  [["moderator_id", 2], ["LIMIT", 11]]
  ↳ /Users/jaronlee/.rbenv/versions/2.5.1/lib/ruby/gems/2.5.0/gems/activerecord-5.2.4.3/lib/active_record/log_subscriber.rb:98

NoMethodError - undefined method `posts' for #<Sub::ActiveRecord_Associations_CollectionProxy:0x00007fe56b4d9e70>:
  app/controllers/posts_controller.rb:12:in `create'

Started POST "/__better_errors/af912b01f3941f1b/variables" for ::1 at 2020-07-20 11:36:24 -0700
  [1m[36mSub Load (0.4ms)[0m  [1m[34mSELECT  "subs".* FROM "subs" WHERE "subs"."moderator_id" = $1 LIMIT $2[0m  [["moderator_id", 2], ["LIMIT", 11]]
  ↳ /Users/jaronlee/.rbenv/versions/2.5.1/lib/ruby/gems/2.5.0/gems/activerecord-5.2.4.3/lib/active_record/log_subscriber.rb:98
  [1m[36mCACHE Sub Load (0.0ms)[0m  [1m[34mSELECT  "subs".* FROM "subs" WHERE "subs"."moderator_id" = $1 LIMIT $2[0m  [["moderator_id", 2], ["LIMIT", 11]]
  ↳ /Users/jaronlee/.rbenv/versions/2.5.1/lib/ruby/gems/2.5.0/gems/activerecord-5.2.4.3/lib/active_record/log_subscriber.rb:98
Started GET "/posts" for ::1 at 2020-07-20 11:36:45 -0700

AbstractController::ActionNotFound - The action 'index' could not be found for PostsController:

Started POST "/__better_errors/c7e90b6976ce8b3c/variables" for ::1 at 2020-07-20 11:36:45 -0700
Started GET "/subs/new" for ::1 at 2020-07-20 11:36:50 -0700
Processing by SubsController#new as HTML
  [1m[36mUser Load (0.3ms)[0m  [1m[34mSELECT  "users".* FROM "users" WHERE "users"."session_token" = $1 LIMIT $2[0m  [["session_token", "4AAf2tonEg8OPX2U0ec9dQ"], ["LIMIT", 1]]
  ↳ app/controllers/application_controller.rb:8
  Rendering subs/new.html.erb within layouts/application
  Rendered subs/new.html.erb within layouts/application (0.6ms)
Completed 200 OK in 28ms (Views: 25.9ms | ActiveRecord: 0.3ms)


Started POST "/subs" for ::1 at 2020-07-20 11:37:00 -0700
Processing by SubsController#create as HTML
  Parameters: {"authenticity_token"=>"t+/EQIRsXPuqzY59WV4eH8cj5+EYhFLXKPb0QwX4g+pJalcdDRatI6YcgRmI3J/kePbBkqQZ0n8Anw45bHegOw==", "sub"=>{"title"=>"Sub 2", "description"=>"stuff to talk about"}}
  [1m[36mUser Load (0.2ms)[0m  [1m[34mSELECT  "users".* FROM "users" WHERE "users"."session_token" = $1 LIMIT $2[0m  [["session_token", "4AAf2tonEg8OPX2U0ec9dQ"], ["LIMIT", 1]]
  ↳ app/controllers/application_controller.rb:8
  [1m[35m (0.2ms)[0m  [1m[35mBEGIN[0m
  ↳ app/controllers/subs_controller.rb:15
  [1m[36mUser Load (0.3ms)[0m  [1m[34mSELECT  "users".* FROM "users" WHERE "users"."id" = $1 LIMIT $2[0m  [["id", 2], ["LIMIT", 1]]
  ↳ app/controllers/subs_controller.rb:15
  [1m[36mSub Create (0.3ms)[0m  [1m[32mINSERT INTO "subs" ("title", "description", "moderator_id", "created_at", "updated_at") VALUES ($1, $2, $3, $4, $5) RETURNING "id"[0m  [["title", "Sub 2"], ["description", "stuff to talk about"], ["moderator_id", 2], ["created_at", "2020-07-20 18:37:00.220306"], ["updated_at", "2020-07-20 18:37:00.220306"]]
  ↳ app/controllers/subs_controller.rb:15
  [1m[35m (0.5ms)[0m  [1m[35mCOMMIT[0m
  ↳ app/controllers/subs_controller.rb:15
Redirected to http://localhost:3000/subs/3
Completed 302 Found in 11ms (ActiveRecord: 1.5ms)


Started GET "/subs/3" for ::1 at 2020-07-20 11:37:00 -0700
Processing by SubsController#show as HTML
  Parameters: {"id"=>"3"}
  [1m[36mSub Load (0.3ms)[0m  [1m[34mSELECT  "subs".* FROM "subs" WHERE "subs"."id" = $1 LIMIT $2[0m  [["id", 3], ["LIMIT", 1]]
  ↳ app/controllers/subs_controller.rb:39
  Rendering subs/show.html.erb within layouts/application
  [1m[36mPost Load (0.4ms)[0m  [1m[34mSELECT "posts".* FROM "posts" WHERE "posts"."sub_id" = $1[0m  [["sub_id", 3]]
  ↳ app/views/subs/show.html.erb:7
  Rendered subs/show.html.erb within layouts/application (14.6ms)
  [1m[36mUser Load (0.3ms)[0m  [1m[34mSELECT  "users".* FROM "users" WHERE "users"."session_token" = $1 LIMIT $2[0m  [["session_token", "4AAf2tonEg8OPX2U0ec9dQ"], ["LIMIT", 1]]
  ↳ app/controllers/application_controller.rb:8
Completed 200 OK in 39ms (Views: 34.8ms | ActiveRecord: 2.8ms)


Started GET "/posts/new" for ::1 at 2020-07-20 11:37:27 -0700
Processing by PostsController#new as HTML
  [1m[36mUser Load (0.4ms)[0m  [1m[34mSELECT  "users".* FROM "users" WHERE "users"."session_token" = $1 LIMIT $2[0m  [["session_token", "4AAf2tonEg8OPX2U0ec9dQ"], ["LIMIT", 1]]
  ↳ app/controllers/application_controller.rb:8
  Rendering posts/new.html.erb within layouts/application
  Rendered posts/new.html.erb within layouts/application (0.7ms)
Completed 200 OK in 36ms (Views: 26.3ms | ActiveRecord: 3.3ms)


Started POST "/posts" for ::1 at 2020-07-20 11:37:36 -0700
Processing by PostsController#create as HTML
  Parameters: {"authenticity_token"=>"gbh+q75chWFcrkHXLmYex0IMabp1AObjRJ13EcN5hFN/Pe32NyZ0uVB/TrP/5J88/dlPycmdZkts9I1rqvangg==", "post"=>{"title"=>"hello", "content"=>"this is the content"}}
  [1m[36mUser Load (0.2ms)[0m  [1m[34mSELECT  "users".* FROM "users" WHERE "users"."session_token" = $1 LIMIT $2[0m  [["session_token", "4AAf2tonEg8OPX2U0ec9dQ"], ["LIMIT", 1]]
  ↳ app/controllers/application_controller.rb:8
  [1m[36mSub Load (0.4ms)[0m  [1m[34mSELECT  "subs".* FROM "subs" WHERE "subs"."moderator_id" = $1 LIMIT $2[0m  [["moderator_id", 2], ["LIMIT", 11]]
  ↳ /Users/jaronlee/.rbenv/versions/2.5.1/lib/ruby/gems/2.5.0/gems/activerecord-5.2.4.3/lib/active_record/log_subscriber.rb:98
Completed 500 Internal Server Error in 5ms (ActiveRecord: 0.2ms)


  [1m[36mCACHE Sub Load (0.0ms)[0m  [1m[34mSELECT  "subs".* FROM "subs" WHERE "subs"."moderator_id" = $1 LIMIT $2[0m  [["moderator_id", 2], ["LIMIT", 11]]
  ↳ /Users/jaronlee/.rbenv/versions/2.5.1/lib/ruby/gems/2.5.0/gems/activerecord-5.2.4.3/lib/active_record/log_subscriber.rb:98

NoMethodError - undefined method `posts' for #<Sub::ActiveRecord_Associations_CollectionProxy:0x00007fe56cb993e0>:
  app/controllers/posts_controller.rb:12:in `create'

Started POST "/__better_errors/7f823f483fc08b51/variables" for ::1 at 2020-07-20 11:37:37 -0700
  [1m[36mSub Load (0.3ms)[0m  [1m[34mSELECT  "subs".* FROM "subs" WHERE "subs"."moderator_id" = $1 LIMIT $2[0m  [["moderator_id", 2], ["LIMIT", 11]]
  ↳ /Users/jaronlee/.rbenv/versions/2.5.1/lib/ruby/gems/2.5.0/gems/activerecord-5.2.4.3/lib/active_record/log_subscriber.rb:98
  [1m[36mCACHE Sub Load (0.0ms)[0m  [1m[34mSELECT  "subs".* FROM "subs" WHERE "subs"."moderator_id" = $1 LIMIT $2[0m  [["moderator_id", 2], ["LIMIT", 11]]
  ↳ /Users/jaronlee/.rbenv/versions/2.5.1/lib/ruby/gems/2.5.0/gems/activerecord-5.2.4.3/lib/active_record/log_subscriber.rb:98
Started GET "/subs/3" for ::1 at 2020-07-20 11:41:42 -0700
Processing by SubsController#show as HTML
  Parameters: {"id"=>"3"}
  [1m[36mSub Load (0.2ms)[0m  [1m[34mSELECT  "subs".* FROM "subs" WHERE "subs"."id" = $1 LIMIT $2[0m  [["id", 3], ["LIMIT", 1]]
  ↳ app/controllers/subs_controller.rb:39
  Rendering subs/show.html.erb within layouts/application
  [1m[36mPost Load (0.2ms)[0m  [1m[34mSELECT "posts".* FROM "posts" WHERE "posts"."sub_id" = $1[0m  [["sub_id", 3]]
  ↳ app/views/subs/show.html.erb:9
  Rendered subs/show.html.erb within layouts/application (6.8ms)
  [1m[36mUser Load (0.2ms)[0m  [1m[34mSELECT  "users".* FROM "users" WHERE "users"."session_token" = $1 LIMIT $2[0m  [["session_token", "4AAf2tonEg8OPX2U0ec9dQ"], ["LIMIT", 1]]
  ↳ app/controllers/application_controller.rb:8
Completed 200 OK in 54ms (Views: 34.9ms | ActiveRecord: 11.6ms)


Started POST "/posts" for ::1 at 2020-07-20 11:41:56 -0700
Processing by PostsController#create as HTML
  Parameters: {"authenticity_token"=>"pHP8DVomgyDaDTed+fL0hUzSNfkDz0DLXeaQDoLyHQha9m9Q01xy+NbcOPkocHV+8wcTir9SwGN1j2p0630+2Q==", "post"=>{"title"=>"post1", "content"=>"post1 content", "sub_id"=>"3"}}
  [1m[36mUser Load (0.2ms)[0m  [1m[34mSELECT  "users".* FROM "users" WHERE "users"."session_token" = $1 LIMIT $2[0m  [["session_token", "4AAf2tonEg8OPX2U0ec9dQ"], ["LIMIT", 1]]
  ↳ app/controllers/application_controller.rb:8
  [1m[35m (0.1ms)[0m  [1m[35mBEGIN[0m
  ↳ app/controllers/posts_controller.rb:13
  [1m[36mSub Load (0.3ms)[0m  [1m[34mSELECT  "subs".* FROM "subs" WHERE "subs"."id" = $1 LIMIT $2[0m  [["id", 3], ["LIMIT", 1]]
  ↳ app/controllers/posts_controller.rb:13
  [1m[36mUser Load (0.4ms)[0m  [1m[34mSELECT  "users".* FROM "users" WHERE "users"."id" = $1 LIMIT $2[0m  [["id", 2], ["LIMIT", 1]]
  ↳ app/controllers/posts_controller.rb:13
  [1m[36mPost Create (0.9ms)[0m  [1m[32mINSERT INTO "posts" ("title", "content", "sub_id", "author_id", "created_at", "updated_at") VALUES ($1, $2, $3, $4, $5, $6) RETURNING "id"[0m  [["title", "post1"], ["content", "post1 content"], ["sub_id", 3], ["author_id", 2], ["created_at", "2020-07-20 18:41:56.854747"], ["updated_at", "2020-07-20 18:41:56.854747"]]
  ↳ app/controllers/posts_controller.rb:13
  [1m[35m (0.3ms)[0m  [1m[35mCOMMIT[0m
  ↳ app/controllers/posts_controller.rb:13
Redirected to http://localhost:3000/posts/1
Completed 302 Found in 19ms (ActiveRecord: 4.6ms)


Started GET "/posts/1" for ::1 at 2020-07-20 11:41:56 -0700
Processing by PostsController#show as HTML
  Parameters: {"id"=>"1"}
  [1m[36mPost Load (0.5ms)[0m  [1m[34mSELECT  "posts".* FROM "posts" WHERE "posts"."id" = $1 LIMIT $2[0m  [["id", 1], ["LIMIT", 1]]
  ↳ app/controllers/posts_controller.rb:44
  Rendering posts/show.html.erb within layouts/application
  [1m[36mSub Load (0.2ms)[0m  [1m[34mSELECT  "subs".* FROM "subs" WHERE "subs"."id" = $1 LIMIT $2[0m  [["id", 3], ["LIMIT", 1]]
  ↳ app/views/posts/show.html.erb:3
  Rendered posts/show.html.erb within layouts/application (1.3ms)
  [1m[36mUser Load (0.3ms)[0m  [1m[34mSELECT  "users".* FROM "users" WHERE "users"."session_token" = $1 LIMIT $2[0m  [["session_token", "4AAf2tonEg8OPX2U0ec9dQ"], ["LIMIT", 1]]
  ↳ app/controllers/application_controller.rb:8
Completed 200 OK in 42ms (Views: 38.7ms | ActiveRecord: 0.9ms)


Started GET "/subs/3/edit" for ::1 at 2020-07-20 11:47:04 -0700
Processing by SubsController#edit as HTML
  Parameters: {"id"=>"3"}
  [1m[36mUser Load (0.5ms)[0m  [1m[34mSELECT  "users".* FROM "users" WHERE "users"."session_token" = $1 LIMIT $2[0m  [["session_token", "4AAf2tonEg8OPX2U0ec9dQ"], ["LIMIT", 1]]
  ↳ app/controllers/application_controller.rb:8
  [1m[36mSub Load (0.8ms)[0m  [1m[34mSELECT  "subs".* FROM "subs" WHERE "subs"."moderator_id" = $1 AND "subs"."id" = $2 LIMIT $3[0m  [["moderator_id", 2], ["id", 3], ["LIMIT", 1]]
  ↳ app/controllers/subs_controller.rb:49
  [1m[36mSub Load (0.3ms)[0m  [1m[34mSELECT  "subs".* FROM "subs" WHERE "subs"."id" = $1 LIMIT $2[0m  [["id", 3], ["LIMIT", 1]]
  ↳ app/controllers/subs_controller.rb:24
  Rendering subs/edit.html.erb within layouts/application
  Rendered subs/edit.html.erb within layouts/application (0.5ms)
Completed 200 OK in 33ms (Views: 23.6ms | ActiveRecord: 1.7ms)


Started GET "/subs/3/edit" for ::1 at 2020-07-20 11:47:10 -0700
Processing by SubsController#edit as HTML
  Parameters: {"id"=>"3"}
  [1m[36mUser Load (0.6ms)[0m  [1m[34mSELECT  "users".* FROM "users" WHERE "users"."session_token" = $1 LIMIT $2[0m  [["session_token", "4AAf2tonEg8OPX2U0ec9dQ"], ["LIMIT", 1]]
  ↳ app/controllers/application_controller.rb:8
  [1m[36mSub Load (0.3ms)[0m  [1m[34mSELECT  "subs".* FROM "subs" WHERE "subs"."moderator_id" = $1 AND "subs"."id" = $2 LIMIT $3[0m  [["moderator_id", 2], ["id", 3], ["LIMIT", 1]]
  ↳ app/controllers/subs_controller.rb:49
  [1m[36mSub Load (0.4ms)[0m  [1m[34mSELECT  "subs".* FROM "subs" WHERE "subs"."id" = $1 LIMIT $2[0m  [["id", 3], ["LIMIT", 1]]
  ↳ app/controllers/subs_controller.rb:24
  Rendering subs/edit.html.erb within layouts/application
  Rendered subs/edit.html.erb within layouts/application (0.6ms)
Completed 200 OK in 31ms (Views: 26.5ms | ActiveRecord: 1.3ms)


Started PATCH "/subs/3" for ::1 at 2020-07-20 11:47:14 -0700
Processing by SubsController#update as HTML
  Parameters: {"authenticity_token"=>"cBqvMAaAa0tAeb8psm11ypqVaIpJj/WaVcx+sl6grMWOnzxtj/qak0yosE1j7/QxJUBO+fUSdTJ9pYTINy+PFA==", "sub"=>{"title"=>"sub3", "description"=>"asdfasdfasdf"}, "id"=>"3"}
  [1m[36mUser Load (0.4ms)[0m  [1m[34mSELECT  "users".* FROM "users" WHERE "users"."session_token" = $1 LIMIT $2[0m  [["session_token", "4AAf2tonEg8OPX2U0ec9dQ"], ["LIMIT", 1]]
  ↳ app/controllers/application_controller.rb:8
  [1m[36mSub Load (0.5ms)[0m  [1m[34mSELECT  "subs".* FROM "subs" WHERE "subs"."moderator_id" = $1 AND "subs"."id" = $2 LIMIT $3[0m  [["moderator_id", 2], ["id", 3], ["LIMIT", 1]]
  ↳ app/controllers/subs_controller.rb:49
  [1m[36mSub Load (0.4ms)[0m  [1m[34mSELECT  "subs".* FROM "subs" WHERE "subs"."id" = $1 LIMIT $2[0m  [["id", 3], ["LIMIT", 1]]
  ↳ app/controllers/subs_controller.rb:29
  [1m[35m (0.1ms)[0m  [1m[35mBEGIN[0m
  ↳ app/controllers/subs_controller.rb:30
  [1m[36mUser Load (0.2ms)[0m  [1m[34mSELECT  "users".* FROM "users" WHERE "users"."id" = $1 LIMIT $2[0m  [["id", 2], ["LIMIT", 1]]
  ↳ app/controllers/subs_controller.rb:30
  [1m[36mSub Update (0.4ms)[0m  [1m[33mUPDATE "subs" SET "title" = $1, "description" = $2, "updated_at" = $3 WHERE "subs"."id" = $4[0m  [["title", "sub3"], ["description", "asdfasdfasdf"], ["updated_at", "2020-07-20 18:47:14.780417"], ["id", 3]]
  ↳ app/controllers/subs_controller.rb:30
  [1m[35m (1.6ms)[0m  [1m[35mCOMMIT[0m
  ↳ app/controllers/subs_controller.rb:30
Redirected to http://localhost:3000/subs/3
Completed 302 Found in 12ms (ActiveRecord: 3.5ms)


Started GET "/subs/3" for ::1 at 2020-07-20 11:47:14 -0700
Processing by SubsController#show as HTML
  Parameters: {"id"=>"3"}
  [1m[36mSub Load (0.3ms)[0m  [1m[34mSELECT  "subs".* FROM "subs" WHERE "subs"."id" = $1 LIMIT $2[0m  [["id", 3], ["LIMIT", 1]]
  ↳ app/controllers/subs_controller.rb:39
  Rendering subs/show.html.erb within layouts/application
  [1m[36mPost Load (0.4ms)[0m  [1m[34mSELECT "posts".* FROM "posts" WHERE "posts"."sub_id" = $1[0m  [["sub_id", 3]]
  ↳ app/views/subs/show.html.erb:9
  Rendered subs/show.html.erb within layouts/application (2.3ms)
  [1m[36mUser Load (0.3ms)[0m  [1m[34mSELECT  "users".* FROM "users" WHERE "users"."session_token" = $1 LIMIT $2[0m  [["session_token", "4AAf2tonEg8OPX2U0ec9dQ"], ["LIMIT", 1]]
  ↳ app/controllers/application_controller.rb:8
Completed 200 OK in 28ms (Views: 26.3ms | ActiveRecord: 1.0ms)


Started GET "/subs/3" for ::1 at 2020-07-20 11:47:42 -0700
Processing by SubsController#show as HTML
  Parameters: {"id"=>"3"}
  [1m[36mSub Load (0.4ms)[0m  [1m[34mSELECT  "subs".* FROM "subs" WHERE "subs"."id" = $1 LIMIT $2[0m  [["id", 3], ["LIMIT", 1]]
  ↳ app/controllers/subs_controller.rb:39
  Rendering subs/show.html.erb within layouts/application
  [1m[36mPost Load (0.4ms)[0m  [1m[34mSELECT "posts".* FROM "posts" WHERE "posts"."sub_id" = $1[0m  [["sub_id", 3]]
  ↳ app/views/subs/show.html.erb:9
  Rendered subs/show.html.erb within layouts/application (1.9ms)
  [1m[36mUser Load (0.3ms)[0m  [1m[34mSELECT  "users".* FROM "users" WHERE "users"."session_token" = $1 LIMIT $2[0m  [["session_token", "4AAf2tonEg8OPX2U0ec9dQ"], ["LIMIT", 1]]
  ↳ app/controllers/application_controller.rb:8
Completed 200 OK in 32ms (Views: 29.3ms | ActiveRecord: 1.1ms)


Started GET "/subs/3" for ::1 at 2020-07-20 11:47:45 -0700
Processing by SubsController#show as HTML
  Parameters: {"id"=>"3"}
  [1m[36mSub Load (0.3ms)[0m  [1m[34mSELECT  "subs".* FROM "subs" WHERE "subs"."id" = $1 LIMIT $2[0m  [["id", 3], ["LIMIT", 1]]
  ↳ app/controllers/subs_controller.rb:39
  Rendering subs/show.html.erb within layouts/application
  [1m[36mPost Load (0.4ms)[0m  [1m[34mSELECT "posts".* FROM "posts" WHERE "posts"."sub_id" = $1[0m  [["sub_id", 3]]
  ↳ app/views/subs/show.html.erb:9
  Rendered subs/show.html.erb within layouts/application (1.8ms)
  [1m[36mUser Load (0.3ms)[0m  [1m[34mSELECT  "users".* FROM "users" WHERE "users"."session_token" = $1 LIMIT $2[0m  [["session_token", "4AAf2tonEg8OPX2U0ec9dQ"], ["LIMIT", 1]]
  ↳ app/controllers/application_controller.rb:8
Completed 200 OK in 27ms (Views: 25.5ms | ActiveRecord: 1.0ms)


Started GET "/subs/3" for ::1 at 2020-07-20 11:48:05 -0700
Processing by SubsController#show as HTML
  Parameters: {"id"=>"3"}
  [1m[36mSub Load (0.4ms)[0m  [1m[34mSELECT  "subs".* FROM "subs" WHERE "subs"."id" = $1 LIMIT $2[0m  [["id", 3], ["LIMIT", 1]]
  ↳ app/controllers/subs_controller.rb:39
  Rendering subs/show.html.erb within layouts/application
  [1m[36mPost Load (0.4ms)[0m  [1m[34mSELECT "posts".* FROM "posts" WHERE "posts"."sub_id" = $1[0m  [["sub_id", 3]]
  ↳ app/views/subs/show.html.erb:9
  Rendered subs/show.html.erb within layouts/application (2.0ms)
  [1m[36mUser Load (0.3ms)[0m  [1m[34mSELECT  "users".* FROM "users" WHERE "users"."session_token" = $1 LIMIT $2[0m  [["session_token", "4AAf2tonEg8OPX2U0ec9dQ"], ["LIMIT", 1]]
  ↳ app/controllers/application_controller.rb:8
Completed 200 OK in 30ms (Views: 28.0ms | ActiveRecord: 1.0ms)


Started GET "/subs/3" for ::1 at 2020-07-20 11:48:06 -0700
Processing by SubsController#show as HTML
  Parameters: {"id"=>"3"}
  [1m[36mSub Load (0.2ms)[0m  [1m[34mSELECT  "subs".* FROM "subs" WHERE "subs"."id" = $1 LIMIT $2[0m  [["id", 3], ["LIMIT", 1]]
  ↳ app/controllers/subs_controller.rb:39
  Rendering subs/show.html.erb within layouts/application
  [1m[36mPost Load (0.3ms)[0m  [1m[34mSELECT "posts".* FROM "posts" WHERE "posts"."sub_id" = $1[0m  [["sub_id", 3]]
  ↳ app/views/subs/show.html.erb:9
  Rendered subs/show.html.erb within layouts/application (1.7ms)
  [1m[36mUser Load (0.3ms)[0m  [1m[34mSELECT  "users".* FROM "users" WHERE "users"."session_token" = $1 LIMIT $2[0m  [["session_token", "4AAf2tonEg8OPX2U0ec9dQ"], ["LIMIT", 1]]
  ↳ app/controllers/application_controller.rb:8
Completed 200 OK in 25ms (Views: 23.6ms | ActiveRecord: 0.8ms)


Started GET "/subs/3" for ::1 at 2020-07-20 11:48:07 -0700
Processing by SubsController#show as HTML
  Parameters: {"id"=>"3"}
  [1m[36mSub Load (0.3ms)[0m  [1m[34mSELECT  "subs".* FROM "subs" WHERE "subs"."id" = $1 LIMIT $2[0m  [["id", 3], ["LIMIT", 1]]
  ↳ app/controllers/subs_controller.rb:39
  Rendering subs/show.html.erb within layouts/application
  [1m[36mPost Load (0.4ms)[0m  [1m[34mSELECT "posts".* FROM "posts" WHERE "posts"."sub_id" = $1[0m  [["sub_id", 3]]
  ↳ app/views/subs/show.html.erb:9
  Rendered subs/show.html.erb within layouts/application (1.9ms)
  [1m[36mUser Load (0.3ms)[0m  [1m[34mSELECT  "users".* FROM "users" WHERE "users"."session_token" = $1 LIMIT $2[0m  [["session_token", "4AAf2tonEg8OPX2U0ec9dQ"], ["LIMIT", 1]]
  ↳ app/controllers/application_controller.rb:8
Completed 200 OK in 28ms (Views: 25.9ms | ActiveRecord: 1.0ms)


Started GET "/subs/3" for ::1 at 2020-07-20 11:48:07 -0700
Processing by SubsController#show as HTML
  Parameters: {"id"=>"3"}
  [1m[36mSub Load (0.2ms)[0m  [1m[34mSELECT  "subs".* FROM "subs" WHERE "subs"."id" = $1 LIMIT $2[0m  [["id", 3], ["LIMIT", 1]]
  ↳ app/controllers/subs_controller.rb:39
  Rendering subs/show.html.erb within layouts/application
  [1m[36mPost Load (0.4ms)[0m  [1m[34mSELECT "posts".* FROM "posts" WHERE "posts"."sub_id" = $1[0m  [["sub_id", 3]]
  ↳ app/views/subs/show.html.erb:9
  Rendered subs/show.html.erb within layouts/application (2.4ms)
  [1m[36mUser Load (0.2ms)[0m  [1m[34mSELECT  "users".* FROM "users" WHERE "users"."session_token" = $1 LIMIT $2[0m  [["session_token", "4AAf2tonEg8OPX2U0ec9dQ"], ["LIMIT", 1]]
  ↳ app/controllers/application_controller.rb:8
Completed 200 OK in 29ms (Views: 27.0ms | ActiveRecord: 0.8ms)


Started DELETE "/session" for ::1 at 2020-07-20 11:48:09 -0700
Processing by SessionsController#destroy as HTML
  Parameters: {"authenticity_token"=>"OeyJwuUeQ5HY+LFHBShyc0Ws0esEr6BuxUkdqKkYdeTHaRqfbGSySdQpviPUqvOI+nn3mLgyIMbtIOfSwJdWNQ=="}
  [1m[36mUser Load (0.2ms)[0m  [1m[34mSELECT  "users".* FROM "users" WHERE "users"."session_token" = $1 LIMIT $2[0m  [["session_token", "4AAf2tonEg8OPX2U0ec9dQ"], ["LIMIT", 1]]
  ↳ app/controllers/application_controller.rb:8
  [1m[35m (0.1ms)[0m  [1m[35mBEGIN[0m
  ↳ app/models/user.rb:52
  [1m[36mUser Exists (0.4ms)[0m  [1m[34mSELECT  1 AS one FROM "users" WHERE "users"."username" = $1 AND "users"."id" != $2 LIMIT $3[0m  [["username", "Jaron"], ["id", 2], ["LIMIT", 1]]
  ↳ app/models/user.rb:52
  [1m[36mUser Update (0.5ms)[0m  [1m[33mUPDATE "users" SET "session_token" = $1, "updated_at" = $2 WHERE "users"."id" = $3[0m  [["session_token", "J75CBwG_h7rCIESvXvhtgg"], ["updated_at", "2020-07-20 18:48:09.174607"], ["id", 2]]
  ↳ app/models/user.rb:52
  [1m[35m (0.2ms)[0m  [1m[35mCOMMIT[0m
  ↳ app/models/user.rb:52
Redirected to http://localhost:3000/session/new
Completed 302 Found in 5ms (ActiveRecord: 1.3ms)


Started GET "/session/new" for ::1 at 2020-07-20 11:48:09 -0700
Processing by SessionsController#new as HTML
  Rendering sessions/new.html.erb within layouts/application
  Rendered sessions/new.html.erb within layouts/application (0.7ms)
  [1m[36mUser Load (0.2ms)[0m  [1m[34mSELECT  "users".* FROM "users" WHERE "users"."session_token" IS NULL LIMIT $1[0m  [["LIMIT", 1]]
  ↳ app/controllers/application_controller.rb:8
Completed 200 OK in 27ms (Views: 26.3ms | ActiveRecord: 0.2ms)


Started POST "/session" for ::1 at 2020-07-20 11:48:14 -0700
Processing by SessionsController#create as HTML
  Parameters: {"user"=>{"username"=>"Jaron", "password"=>"[FILTERED]"}}
Can't verify CSRF token authenticity.
Completed 422 Unprocessable Entity in 1ms (ActiveRecord: 0.0ms)



ActionController::InvalidAuthenticityToken - ActionController::InvalidAuthenticityToken:

Started POST "/__better_errors/2ef0ca2ba3c23d5a/variables" for ::1 at 2020-07-20 11:48:14 -0700
Started POST "/session" for ::1 at 2020-07-20 11:48:59 -0700
Processing by SessionsController#create as HTML
  Parameters: {"user"=>{"username"=>"Jaron", "password"=>"[FILTERED]"}}
Can't verify CSRF token authenticity.
Completed 422 Unprocessable Entity in 1ms (ActiveRecord: 0.0ms)



ActionController::InvalidAuthenticityToken - ActionController::InvalidAuthenticityToken:

Started POST "/__better_errors/82319943d2daec92/variables" for ::1 at 2020-07-20 11:48:59 -0700
Started GET "/session/new" for ::1 at 2020-07-20 11:49:03 -0700
Processing by SessionsController#new as HTML
  Rendering sessions/new.html.erb within layouts/application
  Rendered sessions/new.html.erb within layouts/application (0.4ms)
  [1m[36mUser Load (0.5ms)[0m  [1m[34mSELECT  "users".* FROM "users" WHERE "users"."session_token" IS NULL LIMIT $1[0m  [["LIMIT", 1]]
  ↳ app/controllers/application_controller.rb:8
Completed 200 OK in 30ms (Views: 28.9ms | ActiveRecord: 0.5ms)


Started POST "/session" for ::1 at 2020-07-20 11:49:11 -0700
Processing by SessionsController#create as HTML
  Parameters: {"user"=>{"username"=>"Jaron", "password"=>"[FILTERED]"}}
Can't verify CSRF token authenticity.
Completed 422 Unprocessable Entity in 1ms (ActiveRecord: 0.0ms)



ActionController::InvalidAuthenticityToken - ActionController::InvalidAuthenticityToken:

Started POST "/__better_errors/34ea9d551c1392c4/variables" for ::1 at 2020-07-20 11:49:11 -0700
Started POST "/session" for ::1 at 2020-07-20 11:49:30 -0700
Processing by SessionsController#create as HTML
  Parameters: {"user"=>{"username"=>"Jaron", "password"=>"[FILTERED]"}}
Can't verify CSRF token authenticity.
Completed 422 Unprocessable Entity in 1ms (ActiveRecord: 0.0ms)



ActionController::InvalidAuthenticityToken - ActionController::InvalidAuthenticityToken:

Started POST "/__better_errors/a32a6885040d37ce/variables" for ::1 at 2020-07-20 11:49:30 -0700
Started GET "/session/new" for ::1 at 2020-07-20 11:49:32 -0700
Processing by SessionsController#new as HTML
  Rendering sessions/new.html.erb within layouts/application
  Rendered sessions/new.html.erb within layouts/application (0.5ms)
  [1m[36mUser Load (0.3ms)[0m  [1m[34mSELECT  "users".* FROM "users" WHERE "users"."session_token" IS NULL LIMIT $1[0m  [["LIMIT", 1]]
  ↳ app/controllers/application_controller.rb:8
Completed 200 OK in 41ms (Views: 40.0ms | ActiveRecord: 0.3ms)


Started POST "/session" for ::1 at 2020-07-20 11:49:36 -0700
Processing by SessionsController#create as HTML
  Parameters: {"authenticity_token"=>"febdTtfmfIPGSrSNVRXK7k2NKKv3BdOJp7GFVMnAVXSDY04TXpyNW8qbu+mEl0sV8lgO2EuYUyGP2H8uoE92pQ==", "user"=>{"username"=>"Jaron", "password"=>"[FILTERED]"}}
  [1m[36mUser Load (0.3ms)[0m  [1m[34mSELECT  "users".* FROM "users" WHERE "users"."username" = $1 LIMIT $2[0m  [["username", "Jaron"], ["LIMIT", 1]]
  ↳ app/models/user.rb:33
  [1m[35m (0.2ms)[0m  [1m[35mBEGIN[0m
  ↳ app/models/user.rb:52
  [1m[36mUser Exists (0.3ms)[0m  [1m[34mSELECT  1 AS one FROM "users" WHERE "users"."username" = $1 AND "users"."id" != $2 LIMIT $3[0m  [["username", "Jaron"], ["id", 2], ["LIMIT", 1]]
  ↳ app/models/user.rb:52
  [1m[36mUser Update (0.4ms)[0m  [1m[33mUPDATE "users" SET "session_token" = $1, "updated_at" = $2 WHERE "users"."id" = $3[0m  [["session_token", "SKwf_lsN-KgpAMaRrRDvSQ"], ["updated_at", "2020-07-20 18:49:36.830696"], ["id", 2]]
  ↳ app/models/user.rb:52
  [1m[35m (0.6ms)[0m  [1m[35mCOMMIT[0m
  ↳ app/models/user.rb:52
Redirected to http://localhost:3000/users/2
Completed 302 Found in 217ms (ActiveRecord: 1.8ms)


Started GET "/users/2" for ::1 at 2020-07-20 11:49:36 -0700
Processing by UsersController#show as HTML
  Parameters: {"id"=>"2"}
  [1m[36mUser Load (0.3ms)[0m  [1m[34mSELECT  "users".* FROM "users" WHERE "users"."id" = $1 LIMIT $2[0m  [["id", 2], ["LIMIT", 1]]
  ↳ app/controllers/users_controller.rb:20
  Rendering users/show.html.erb within layouts/application
  Rendered users/show.html.erb within layouts/application (0.8ms)
  [1m[36mUser Load (0.2ms)[0m  [1m[34mSELECT  "users".* FROM "users" WHERE "users"."session_token" = $1 LIMIT $2[0m  [["session_token", "SKwf_lsN-KgpAMaRrRDvSQ"], ["LIMIT", 1]]
  ↳ app/controllers/application_controller.rb:8
Completed 200 OK in 28ms (Views: 25.7ms | ActiveRecord: 0.5ms)


Started GET "/subs" for ::1 at 2020-07-20 11:50:05 -0700
Processing by SubsController#index as HTML
  Rendering subs/index.html.erb within layouts/application
  [1m[36mSub Load (0.5ms)[0m  [1m[34mSELECT "subs".* FROM "subs"[0m
  ↳ app/views/subs/index.html.erb:3
  Rendered subs/index.html.erb within layouts/application (22.5ms)
Completed 500 Internal Server Error in 35ms (ActiveRecord: 9.2ms)



ActionView::Template::Error - undefined method `content' for #<Sub:0x00007fe56b41e9b8>:
  app/views/subs/index.html.erb:5:in `view template'
  app/controllers/subs_controller.rb:45:in `index'

Started POST "/__better_errors/6ae65e95564ca6e9/variables" for ::1 at 2020-07-20 11:50:06 -0700
Started GET "/subs" for ::1 at 2020-07-20 11:50:47 -0700
Processing by SubsController#index as HTML
  Rendering subs/index.html.erb within layouts/application
  [1m[36mSub Load (0.3ms)[0m  [1m[34mSELECT "subs".* FROM "subs"[0m
  ↳ app/views/subs/index.html.erb:3
  Rendered subs/index.html.erb within layouts/application (7.5ms)
Completed 500 Internal Server Error in 13ms (ActiveRecord: 0.3ms)



ActionView::Template::Error - undefined method `content' for #<Sub:0x00007fe573b894e8>:
  app/views/subs/index.html.erb:5:in `view template'
  app/controllers/subs_controller.rb:45:in `index'

Started POST "/__better_errors/0027d7f4c041b83f/variables" for ::1 at 2020-07-20 11:50:47 -0700
Started GET "/subs" for ::1 at 2020-07-20 11:51:01 -0700
Processing by SubsController#index as HTML
  Rendering subs/index.html.erb within layouts/application
  [1m[36mSub Load (0.4ms)[0m  [1m[34mSELECT "subs".* FROM "subs"[0m
  ↳ app/views/subs/index.html.erb:3
  Rendered subs/index.html.erb within layouts/application (1.9ms)
  [1m[36mUser Load (0.2ms)[0m  [1m[34mSELECT  "users".* FROM "users" WHERE "users"."session_token" = $1 LIMIT $2[0m  [["session_token", "SKwf_lsN-KgpAMaRrRDvSQ"], ["LIMIT", 1]]
  ↳ app/controllers/application_controller.rb:8
Completed 200 OK in 56ms (Views: 50.3ms | ActiveRecord: 5.0ms)


Started GET "/subs" for ::1 at 2020-07-20 11:51:58 -0700
Processing by SubsController#index as HTML
  Rendering subs/index.html.erb within layouts/application
  [1m[36mSub Load (0.4ms)[0m  [1m[34mSELECT "subs".* FROM "subs"[0m
  ↳ app/views/subs/index.html.erb:5
  Rendered subs/index.html.erb within layouts/application (1.4ms)
  [1m[36mUser Load (0.3ms)[0m  [1m[34mSELECT  "users".* FROM "users" WHERE "users"."session_token" = $1 LIMIT $2[0m  [["session_token", "SKwf_lsN-KgpAMaRrRDvSQ"], ["LIMIT", 1]]
  ↳ app/controllers/application_controller.rb:8
Completed 200 OK in 31ms (Views: 29.9ms | ActiveRecord: 0.7ms)


Started GET "/subs" for ::1 at 2020-07-20 11:52:22 -0700
Processing by SubsController#index as HTML
  Rendering subs/index.html.erb within layouts/application
  [1m[36mSub Load (0.5ms)[0m  [1m[34mSELECT "subs".* FROM "subs"[0m
  ↳ app/views/subs/index.html.erb:5
  Rendered subs/index.html.erb within layouts/application (2.3ms)
  [1m[36mUser Load (0.3ms)[0m  [1m[34mSELECT  "users".* FROM "users" WHERE "users"."session_token" = $1 LIMIT $2[0m  [["session_token", "SKwf_lsN-KgpAMaRrRDvSQ"], ["LIMIT", 1]]
  ↳ app/controllers/application_controller.rb:8
Completed 200 OK in 42ms (Views: 40.5ms | ActiveRecord: 0.9ms)


Started GET "/subs" for ::1 at 2020-07-20 11:53:16 -0700
Processing by SubsController#index as HTML
  Rendering subs/index.html.erb within layouts/application
  [1m[36mSub Load (0.4ms)[0m  [1m[34mSELECT "subs".* FROM "subs"[0m
  ↳ app/views/subs/index.html.erb:5
  Rendered subs/index.html.erb within layouts/application (1.9ms)
  [1m[36mUser Load (0.2ms)[0m  [1m[34mSELECT  "users".* FROM "users" WHERE "users"."session_token" = $1 LIMIT $2[0m  [["session_token", "SKwf_lsN-KgpAMaRrRDvSQ"], ["LIMIT", 1]]
  ↳ app/controllers/application_controller.rb:8
Completed 200 OK in 27ms (Views: 25.4ms | ActiveRecord: 0.6ms)


Started GET "/subs" for ::1 at 2020-07-20 11:53:37 -0700
Processing by SubsController#index as HTML
  Rendering subs/index.html.erb within layouts/application
  [1m[36mSub Load (0.3ms)[0m  [1m[34mSELECT "subs".* FROM "subs"[0m
  ↳ app/views/subs/index.html.erb:5
  Rendered subs/index.html.erb within layouts/application (1.5ms)
  [1m[36mUser Load (0.3ms)[0m  [1m[34mSELECT  "users".* FROM "users" WHERE "users"."session_token" = $1 LIMIT $2[0m  [["session_token", "SKwf_lsN-KgpAMaRrRDvSQ"], ["LIMIT", 1]]
  ↳ app/controllers/application_controller.rb:8
Completed 200 OK in 31ms (Views: 30.3ms | ActiveRecord: 0.6ms)


Started GET "/subs" for ::1 at 2020-07-20 11:54:04 -0700
Processing by SubsController#index as HTML
  Rendering subs/index.html.erb within layouts/application
  [1m[36mSub Load (0.3ms)[0m  [1m[34mSELECT "subs".* FROM "subs"[0m
  ↳ app/views/subs/index.html.erb:5
  Rendered subs/index.html.erb within layouts/application (1.8ms)
  [1m[36mUser Load (0.3ms)[0m  [1m[34mSELECT  "users".* FROM "users" WHERE "users"."session_token" = $1 LIMIT $2[0m  [["session_token", "SKwf_lsN-KgpAMaRrRDvSQ"], ["LIMIT", 1]]
  ↳ app/controllers/application_controller.rb:8
Completed 200 OK in 31ms (Views: 29.7ms | ActiveRecord: 0.6ms)


Started GET "/subs" for ::1 at 2020-07-20 11:54:12 -0700
Processing by SubsController#index as HTML
  Rendering subs/index.html.erb within layouts/application
  [1m[36mSub Load (0.4ms)[0m  [1m[34mSELECT "subs".* FROM "subs"[0m
  ↳ app/views/subs/index.html.erb:5
  Rendered subs/index.html.erb within layouts/application (1.6ms)
  [1m[36mUser Load (0.2ms)[0m  [1m[34mSELECT  "users".* FROM "users" WHERE "users"."session_token" = $1 LIMIT $2[0m  [["session_token", "SKwf_lsN-KgpAMaRrRDvSQ"], ["LIMIT", 1]]
  ↳ app/controllers/application_controller.rb:8
Completed 200 OK in 28ms (Views: 26.7ms | ActiveRecord: 0.6ms)


Started GET "/subs" for ::1 at 2020-07-20 11:54:17 -0700
Processing by SubsController#index as HTML
  Rendering subs/index.html.erb within layouts/application
  [1m[36mSub Load (0.5ms)[0m  [1m[34mSELECT "subs".* FROM "subs"[0m
  ↳ app/views/subs/index.html.erb:5
  Rendered subs/index.html.erb within layouts/application (2.0ms)
  [1m[36mUser Load (0.3ms)[0m  [1m[34mSELECT  "users".* FROM "users" WHERE "users"."session_token" = $1 LIMIT $2[0m  [["session_token", "SKwf_lsN-KgpAMaRrRDvSQ"], ["LIMIT", 1]]
  ↳ app/controllers/application_controller.rb:8
Completed 200 OK in 33ms (Views: 31.4ms | ActiveRecord: 0.8ms)


Started GET "/subs" for ::1 at 2020-07-20 11:54:17 -0700
Processing by SubsController#index as HTML
  Rendering subs/index.html.erb within layouts/application
  [1m[36mSub Load (0.3ms)[0m  [1m[34mSELECT "subs".* FROM "subs"[0m
  ↳ app/views/subs/index.html.erb:5
  Rendered subs/index.html.erb within layouts/application (1.2ms)
  [1m[36mUser Load (0.2ms)[0m  [1m[34mSELECT  "users".* FROM "users" WHERE "users"."session_token" = $1 LIMIT $2[0m  [["session_token", "SKwf_lsN-KgpAMaRrRDvSQ"], ["LIMIT", 1]]
  ↳ app/controllers/application_controller.rb:8
Completed 200 OK in 27ms (Views: 26.2ms | ActiveRecord: 0.5ms)


Started GET "/subs" for ::1 at 2020-07-20 11:54:32 -0700
Processing by SubsController#index as HTML
  Rendering subs/index.html.erb within layouts/application
  [1m[36mSub Load (0.4ms)[0m  [1m[34mSELECT "subs".* FROM "subs"[0m
  ↳ app/views/subs/index.html.erb:5
  Rendered subs/index.html.erb within layouts/application (1.7ms)
  [1m[36mUser Load (0.3ms)[0m  [1m[34mSELECT  "users".* FROM "users" WHERE "users"."session_token" = $1 LIMIT $2[0m  [["session_token", "SKwf_lsN-KgpAMaRrRDvSQ"], ["LIMIT", 1]]
  ↳ app/controllers/application_controller.rb:8
Completed 200 OK in 32ms (Views: 30.0ms | ActiveRecord: 0.7ms)


Started GET "/subs/1" for ::1 at 2020-07-20 11:54:51 -0700
Processing by SubsController#show as HTML
  Parameters: {"id"=>"1"}
  [1m[36mSub Load (0.2ms)[0m  [1m[34mSELECT  "subs".* FROM "subs" WHERE "subs"."id" = $1 LIMIT $2[0m  [["id", 1], ["LIMIT", 1]]
  ↳ app/controllers/subs_controller.rb:39
  Rendering subs/show.html.erb within layouts/application
  [1m[36mPost Load (0.2ms)[0m  [1m[34mSELECT "posts".* FROM "posts" WHERE "posts"."sub_id" = $1[0m  [["sub_id", 1]]
  ↳ app/views/subs/show.html.erb:9
  Rendered subs/show.html.erb within layouts/application (16.3ms)
  [1m[36mUser Load (0.2ms)[0m  [1m[34mSELECT  "users".* FROM "users" WHERE "users"."session_token" = $1 LIMIT $2[0m  [["session_token", "SKwf_lsN-KgpAMaRrRDvSQ"], ["LIMIT", 1]]
  ↳ app/controllers/application_controller.rb:8
Completed 200 OK in 43ms (Views: 38.5ms | ActiveRecord: 2.7ms)


Started GET "/subs/1/edit" for ::1 at 2020-07-20 11:54:57 -0700
Processing by SubsController#edit as HTML
  Parameters: {"id"=>"1"}
  [1m[36mUser Load (0.3ms)[0m  [1m[34mSELECT  "users".* FROM "users" WHERE "users"."session_token" = $1 LIMIT $2[0m  [["session_token", "SKwf_lsN-KgpAMaRrRDvSQ"], ["LIMIT", 1]]
  ↳ app/controllers/application_controller.rb:8
  [1m[36mSub Load (0.5ms)[0m  [1m[34mSELECT  "subs".* FROM "subs" WHERE "subs"."moderator_id" = $1 AND "subs"."id" = $2 LIMIT $3[0m  [["moderator_id", 2], ["id", 1], ["LIMIT", 1]]
  ↳ app/controllers/subs_controller.rb:49
  [1m[36mSub Load (0.2ms)[0m  [1m[34mSELECT  "subs".* FROM "subs" WHERE "subs"."id" = $1 LIMIT $2[0m  [["id", 1], ["LIMIT", 1]]
  ↳ app/controllers/subs_controller.rb:24
  Rendering subs/edit.html.erb within layouts/application
  Rendered subs/edit.html.erb within layouts/application (0.6ms)
Completed 200 OK in 33ms (Views: 28.5ms | ActiveRecord: 0.9ms)


Started GET "/subs/1/edit" for ::1 at 2020-07-20 11:55:30 -0700
Processing by SubsController#edit as HTML
  Parameters: {"id"=>"1"}
  [1m[36mUser Load (0.2ms)[0m  [1m[34mSELECT  "users".* FROM "users" WHERE "users"."session_token" = $1 LIMIT $2[0m  [["session_token", "SKwf_lsN-KgpAMaRrRDvSQ"], ["LIMIT", 1]]
  ↳ app/controllers/application_controller.rb:8
  [1m[36mSub Load (0.3ms)[0m  [1m[34mSELECT  "subs".* FROM "subs" WHERE "subs"."moderator_id" = $1 AND "subs"."id" = $2 LIMIT $3[0m  [["moderator_id", 2], ["id", 1], ["LIMIT", 1]]
  ↳ app/controllers/subs_controller.rb:49
  [1m[36mSub Load (0.1ms)[0m  [1m[34mSELECT  "subs".* FROM "subs" WHERE "subs"."id" = $1 LIMIT $2[0m  [["id", 1], ["LIMIT", 1]]
  ↳ app/controllers/subs_controller.rb:24
  Rendering subs/edit.html.erb within layouts/application
  Rendered subs/edit.html.erb within layouts/application (0.6ms)
Completed 200 OK in 27ms (Views: 23.4ms | ActiveRecord: 0.6ms)


Started PATCH "/subs/1" for ::1 at 2020-07-20 11:55:39 -0700
Processing by SubsController#update as HTML
  Parameters: {"authenticity_token"=>"odMidUipExKIiGP5Mh0NGN0K5mgC6kX0X7RmYy7X/nJfVrEowdPiyoRZbJ3jn4zjYt/AG753xVx33ZwZR1jdow==", "sub"=>{"title"=>"Valorant", "description"=>"wall hack spots"}, "id"=>"1"}
  [1m[36mUser Load (0.2ms)[0m  [1m[34mSELECT  "users".* FROM "users" WHERE "users"."session_token" = $1 LIMIT $2[0m  [["session_token", "SKwf_lsN-KgpAMaRrRDvSQ"], ["LIMIT", 1]]
  ↳ app/controllers/application_controller.rb:8
  [1m[36mSub Load (0.4ms)[0m  [1m[34mSELECT  "subs".* FROM "subs" WHERE "subs"."moderator_id" = $1 AND "subs"."id" = $2 LIMIT $3[0m  [["moderator_id", 2], ["id", 1], ["LIMIT", 1]]
  ↳ app/controllers/subs_controller.rb:49
  [1m[36mSub Load (0.2ms)[0m  [1m[34mSELECT  "subs".* FROM "subs" WHERE "subs"."id" = $1 LIMIT $2[0m  [["id", 1], ["LIMIT", 1]]
  ↳ app/controllers/subs_controller.rb:29
  [1m[35m (0.1ms)[0m  [1m[35mBEGIN[0m
  ↳ app/controllers/subs_controller.rb:30
  [1m[36mUser Load (0.4ms)[0m  [1m[34mSELECT  "users".* FROM "users" WHERE "users"."id" = $1 LIMIT $2[0m  [["id", 2], ["LIMIT", 1]]
  ↳ app/controllers/subs_controller.rb:30
  [1m[36mSub Update (0.5ms)[0m  [1m[33mUPDATE "subs" SET "description" = $1, "updated_at" = $2 WHERE "subs"."id" = $3[0m  [["description", "wall hack spots"], ["updated_at", "2020-07-20 18:55:39.829109"], ["id", 1]]
  ↳ app/controllers/subs_controller.rb:30
  [1m[35m (0.3ms)[0m  [1m[35mCOMMIT[0m
  ↳ app/controllers/subs_controller.rb:30
Redirected to http://localhost:3000/subs/1
Completed 302 Found in 11ms (ActiveRecord: 2.0ms)


Started GET "/subs/1" for ::1 at 2020-07-20 11:55:39 -0700
Processing by SubsController#show as HTML
  Parameters: {"id"=>"1"}
  [1m[36mSub Load (0.2ms)[0m  [1m[34mSELECT  "subs".* FROM "subs" WHERE "subs"."id" = $1 LIMIT $2[0m  [["id", 1], ["LIMIT", 1]]
  ↳ app/controllers/subs_controller.rb:39
  Rendering subs/show.html.erb within layouts/application
  [1m[36mPost Load (0.3ms)[0m  [1m[34mSELECT "posts".* FROM "posts" WHERE "posts"."sub_id" = $1[0m  [["sub_id", 1]]
  ↳ app/views/subs/show.html.erb:9
  Rendered subs/show.html.erb within layouts/application (1.6ms)
  [1m[36mUser Load (0.2ms)[0m  [1m[34mSELECT  "users".* FROM "users" WHERE "users"."session_token" = $1 LIMIT $2[0m  [["session_token", "SKwf_lsN-KgpAMaRrRDvSQ"], ["LIMIT", 1]]
  ↳ app/controllers/application_controller.rb:8
Completed 200 OK in 26ms (Views: 24.2ms | ActiveRecord: 0.6ms)


Started POST "/posts" for ::1 at 2020-07-20 11:55:56 -0700
Processing by PostsController#create as HTML
  Parameters: {"authenticity_token"=>"Kq3xSPqzjXR1uerlYgTHmVWxBEvqLCk9AIWE1ehpKC7UKGIVc8l8rHlo5YGzhkZi6mQiOFaxqZUo7H6vgeYL/w==", "post"=>{"title"=>"split", "content"=>"A site", "sub_id"=>"1"}}
  [1m[36mUser Load (0.2ms)[0m  [1m[34mSELECT  "users".* FROM "users" WHERE "users"."session_token" = $1 LIMIT $2[0m  [["session_token", "SKwf_lsN-KgpAMaRrRDvSQ"], ["LIMIT", 1]]
  ↳ app/controllers/application_controller.rb:8
  [1m[35m (0.2ms)[0m  [1m[35mBEGIN[0m
  ↳ app/controllers/posts_controller.rb:13
  [1m[36mSub Load (0.2ms)[0m  [1m[34mSELECT  "subs".* FROM "subs" WHERE "subs"."id" = $1 LIMIT $2[0m  [["id", 1], ["LIMIT", 1]]
  ↳ app/controllers/posts_controller.rb:13
  [1m[36mUser Load (0.3ms)[0m  [1m[34mSELECT  "users".* FROM "users" WHERE "users"."id" = $1 LIMIT $2[0m  [["id", 2], ["LIMIT", 1]]
  ↳ app/controllers/posts_controller.rb:13
  [1m[36mPost Create (0.6ms)[0m  [1m[32mINSERT INTO "posts" ("title", "content", "sub_id", "author_id", "created_at", "updated_at") VALUES ($1, $2, $3, $4, $5, $6) RETURNING "id"[0m  [["title", "split"], ["content", "A site"], ["sub_id", 1], ["author_id", 2], ["created_at", "2020-07-20 18:55:56.182136"], ["updated_at", "2020-07-20 18:55:56.182136"]]
  ↳ app/controllers/posts_controller.rb:13
  [1m[35m (0.2ms)[0m  [1m[35mCOMMIT[0m
  ↳ app/controllers/posts_controller.rb:13
Redirected to http://localhost:3000/posts/2
Completed 302 Found in 25ms (ActiveRecord: 4.1ms)


Started GET "/posts/2" for ::1 at 2020-07-20 11:55:56 -0700
Processing by PostsController#show as HTML
  Parameters: {"id"=>"2"}
  [1m[36mPost Load (0.3ms)[0m  [1m[34mSELECT  "posts".* FROM "posts" WHERE "posts"."id" = $1 LIMIT $2[0m  [["id", 2], ["LIMIT", 1]]
  ↳ app/controllers/posts_controller.rb:44
  Rendering posts/show.html.erb within layouts/application
  [1m[36mSub Load (0.3ms)[0m  [1m[34mSELECT  "subs".* FROM "subs" WHERE "subs"."id" = $1 LIMIT $2[0m  [["id", 1], ["LIMIT", 1]]
  ↳ app/views/posts/show.html.erb:3
  Rendered posts/show.html.erb within layouts/application (1.4ms)
  [1m[36mUser Load (0.2ms)[0m  [1m[34mSELECT  "users".* FROM "users" WHERE "users"."session_token" = $1 LIMIT $2[0m  [["session_token", "SKwf_lsN-KgpAMaRrRDvSQ"], ["LIMIT", 1]]
  ↳ app/controllers/application_controller.rb:8
Completed 200 OK in 28ms (Views: 25.7ms | ActiveRecord: 0.7ms)


Started GET "/subs/1" for ::1 at 2020-07-20 11:57:28 -0700
Processing by SubsController#show as HTML
  Parameters: {"id"=>"1"}
  [1m[36mSub Load (0.2ms)[0m  [1m[34mSELECT  "subs".* FROM "subs" WHERE "subs"."id" = $1 LIMIT $2[0m  [["id", 1], ["LIMIT", 1]]
  ↳ app/controllers/subs_controller.rb:39
  Rendering subs/show.html.erb within layouts/application
  [1m[36mPost Load (0.2ms)[0m  [1m[34mSELECT "posts".* FROM "posts" WHERE "posts"."sub_id" = $1[0m  [["sub_id", 1]]
  ↳ app/views/subs/show.html.erb:9
  Rendered subs/show.html.erb within layouts/application (1.8ms)
  [1m[36mUser Load (0.4ms)[0m  [1m[34mSELECT  "users".* FROM "users" WHERE "users"."session_token" = $1 LIMIT $2[0m  [["session_token", "SKwf_lsN-KgpAMaRrRDvSQ"], ["LIMIT", 1]]
  ↳ app/controllers/application_controller.rb:8
Completed 200 OK in 27ms (Views: 25.1ms | ActiveRecord: 0.8ms)


