Started GET "/users" for ::1 at 2020-07-16 13:46:23 -0700
DEPRECATION WARNING: ActiveRecord::Base.raise_in_transactional_callbacks= is deprecated, has no effect and will be removed without replacement. (called from block (3 levels) in <class:Railtie> at /Users/jaronlee/.rbenv/versions/2.5.1/lib/ruby/gems/2.5.0/gems/activerecord-5.0.7.2/lib/active_record/railtie.rb:113)
  
ActionController::RoutingError (No route matches [GET] "/users"):
  
actionpack (5.0.7.2) lib/action_dispatch/middleware/debug_exceptions.rb:53:in `call'
web-console (3.7.0) lib/web_console/middleware.rb:135:in `call_app'
web-console (3.7.0) lib/web_console/middleware.rb:30:in `block in call'
web-console (3.7.0) lib/web_console/middleware.rb:20:in `catch'
web-console (3.7.0) lib/web_console/middleware.rb:20:in `call'
actionpack (5.0.7.2) lib/action_dispatch/middleware/show_exceptions.rb:31:in `call'
railties (5.0.7.2) lib/rails/rack/logger.rb:36:in `call_app'
railties (5.0.7.2) lib/rails/rack/logger.rb:24:in `block in call'
activesupport (5.0.7.2) lib/active_support/tagged_logging.rb:69:in `block in tagged'
activesupport (5.0.7.2) lib/active_support/tagged_logging.rb:26:in `tagged'
activesupport (5.0.7.2) lib/active_support/tagged_logging.rb:69:in `tagged'
railties (5.0.7.2) lib/rails/rack/logger.rb:24:in `call'
actionpack (5.0.7.2) lib/action_dispatch/middleware/request_id.rb:24:in `call'
rack (2.2.3) lib/rack/method_override.rb:24:in `call'
rack (2.2.3) lib/rack/runtime.rb:22:in `call'
activesupport (5.0.7.2) lib/active_support/cache/strategy/local_cache_middleware.rb:28:in `call'
actionpack (5.0.7.2) lib/action_dispatch/middleware/executor.rb:12:in `call'
rack-livereload (0.3.17) lib/rack/livereload.rb:23:in `_call'
rack-livereload (0.3.17) lib/rack/livereload.rb:14:in `call'
actionpack (5.0.7.2) lib/action_dispatch/middleware/static.rb:136:in `call'
rack (2.2.3) lib/rack/sendfile.rb:110:in `call'
railties (5.0.7.2) lib/rails/engine.rb:522:in `call'
puma (3.12.6) lib/puma/configuration.rb:227:in `call'
puma (3.12.6) lib/puma/server.rb:706:in `handle_request'
puma (3.12.6) lib/puma/server.rb:476:in `process_client'
puma (3.12.6) lib/puma/server.rb:334:in `block in run'
puma (3.12.6) lib/puma/thread_pool.rb:135:in `block in spawn_thread'
  Rendering /Users/jaronlee/.rbenv/versions/2.5.1/lib/ruby/gems/2.5.0/gems/actionpack-5.0.7.2/lib/action_dispatch/middleware/templates/rescues/routing_error.html.erb within rescues/layout
  Rendering /Users/jaronlee/.rbenv/versions/2.5.1/lib/ruby/gems/2.5.0/gems/actionpack-5.0.7.2/lib/action_dispatch/middleware/templates/rescues/_trace.html.erb
  Rendered /Users/jaronlee/.rbenv/versions/2.5.1/lib/ruby/gems/2.5.0/gems/actionpack-5.0.7.2/lib/action_dispatch/middleware/templates/rescues/_trace.html.erb (0.8ms)
  Rendered collection of /Users/jaronlee/.rbenv/versions/2.5.1/lib/ruby/gems/2.5.0/gems/actionpack-5.0.7.2/lib/action_dispatch/middleware/templates/routes/_route.html.erb [1 times] (1.7ms)
  Rendered /Users/jaronlee/.rbenv/versions/2.5.1/lib/ruby/gems/2.5.0/gems/actionpack-5.0.7.2/lib/action_dispatch/middleware/templates/routes/_table.html.erb (11.0ms)
  Rendering /Users/jaronlee/.rbenv/versions/2.5.1/lib/ruby/gems/2.5.0/gems/actionpack-5.0.7.2/lib/action_dispatch/middleware/templates/rescues/_request_and_response.html.erb
  Rendered /Users/jaronlee/.rbenv/versions/2.5.1/lib/ruby/gems/2.5.0/gems/actionpack-5.0.7.2/lib/action_dispatch/middleware/templates/rescues/_request_and_response.html.erb (5.9ms)
  Rendered /Users/jaronlee/.rbenv/versions/2.5.1/lib/ruby/gems/2.5.0/gems/actionpack-5.0.7.2/lib/action_dispatch/middleware/templates/rescues/routing_error.html.erb within rescues/layout (199.1ms)
Started GET "/" for ::1 at 2020-07-16 13:46:27 -0700
Processing by StaticPagesController#index as HTML
  Rendering static_pages/index.html.erb within layouts/application
  Rendered shared/_main_nav.html.erb (0.2ms)
  Rendered shared/_masthead.html.erb (0.3ms)
  Rendered shared/_sections_nav.html.erb (0.3ms)
  Rendered shared/_search_modal.html.erb (0.2ms)
  Rendered shared/_main_content.html.erb (0.3ms)
  Rendered static_pages/index.html.erb within layouts/application (15.7ms)
Completed 200 OK in 438ms (Views: 434.9ms | ActiveRecord: 0.0ms)


Started GET "/assets/application.self-afd08693d467ae2ee03650682a1c21b5ebd371afb8b24946d107657488dbfb5e.css?body=1" for ::1 at 2020-07-16 13:46:27 -0700
Started GET "/assets/jquery.self-bd7ddd393353a8d2480a622e80342adf488fb6006d667e8b42e4c0073393abee.js?body=1" for ::1 at 2020-07-16 13:46:27 -0700
Started GET "/assets/components/dropdown.self-815016af6fab1d5b72abd319213bf62f0c42bab2c585d2e059543ae704a0d74c.js?body=1" for ::1 at 2020-07-16 13:46:27 -0700
Started GET "/assets/jquery_ujs.self-784a997f6726036b1993eb2217c9cb558e1cbb801c6da88105588c56f13b466a.js?body=1" for ::1 at 2020-07-16 13:46:27 -0700
Started GET "/assets/components/modal.self-52188644dbb47def5ee35ae02e69eb567ca9b664472357a8a5789dd39032a265.js?body=1" for ::1 at 2020-07-16 13:46:27 -0700
Started GET "/assets/application.self-f571b9db02bf4ed04c38a6a29072ac382f7d4f47db1fab9817aeadb0d8665235.js?body=1" for ::1 at 2020-07-16 13:46:27 -0700
Started GET "/assets/components/sidebar.self-2a1277f850a6fa21e1a974ef5152f177ac05516477d5081d593bb137b3d6808b.js?body=1" for ::1 at 2020-07-16 13:46:27 -0700
Started GET "/assets/application.self-afd08693d467ae2ee03650682a1c21b5ebd371afb8b24946d107657488dbfb5e.css?body=1&livereload=1594932492449" for ::1 at 2020-07-16 13:48:12 -0700
Started GET "/assets/application.self-afd08693d467ae2ee03650682a1c21b5ebd371afb8b24946d107657488dbfb5e.css?body=1&livereload=1594932492451" for ::1 at 2020-07-16 13:48:12 -0700
Started GET "/assets/application.self-afd08693d467ae2ee03650682a1c21b5ebd371afb8b24946d107657488dbfb5e.css?body=1&livereload=1594932523337" for ::1 at 2020-07-16 13:48:43 -0700
Started GET "/assets/application.self-afd08693d467ae2ee03650682a1c21b5ebd371afb8b24946d107657488dbfb5e.css?body=1&livereload=1594932523338" for ::1 at 2020-07-16 13:48:43 -0700
Started GET "/assets/application.self-afd08693d467ae2ee03650682a1c21b5ebd371afb8b24946d107657488dbfb5e.css?body=1&livereload=1594932525758" for ::1 at 2020-07-16 13:48:45 -0700
Started GET "/assets/application.self-afd08693d467ae2ee03650682a1c21b5ebd371afb8b24946d107657488dbfb5e.css?body=1&livereload=1594932525759" for ::1 at 2020-07-16 13:48:45 -0700
Started GET "/assets/application.self-afd08693d467ae2ee03650682a1c21b5ebd371afb8b24946d107657488dbfb5e.css?body=1&livereload=1594932737767" for ::1 at 2020-07-16 13:52:17 -0700
Started GET "/assets/application.self-afd08693d467ae2ee03650682a1c21b5ebd371afb8b24946d107657488dbfb5e.css?body=1&livereload=1594932737768" for ::1 at 2020-07-16 13:52:17 -0700
Started GET "/assets/application.self-afd08693d467ae2ee03650682a1c21b5ebd371afb8b24946d107657488dbfb5e.css?body=1&livereload=1594932794627" for ::1 at 2020-07-16 13:53:14 -0700
Started GET "/assets/application.self-afd08693d467ae2ee03650682a1c21b5ebd371afb8b24946d107657488dbfb5e.css?body=1&livereload=1594932794628" for ::1 at 2020-07-16 13:53:14 -0700
Started GET "/assets/application.self-afd08693d467ae2ee03650682a1c21b5ebd371afb8b24946d107657488dbfb5e.css?body=1&livereload=1594932799807" for ::1 at 2020-07-16 13:53:19 -0700
Started GET "/assets/application.self-afd08693d467ae2ee03650682a1c21b5ebd371afb8b24946d107657488dbfb5e.css?body=1&livereload=1594932799807&livereload=1594932799807" for ::1 at 2020-07-16 13:53:19 -0700
Started GET "/assets/application.self-afd08693d467ae2ee03650682a1c21b5ebd371afb8b24946d107657488dbfb5e.css?body=1&livereload=1594932815461&livereload=1594932799807" for ::1 at 2020-07-16 13:53:35 -0700
Started GET "/assets/application.self-afd08693d467ae2ee03650682a1c21b5ebd371afb8b24946d107657488dbfb5e.css?body=1&livereload=1594932815462&livereload=1594932799807" for ::1 at 2020-07-16 13:53:35 -0700
Started GET "/assets/application.self-afd08693d467ae2ee03650682a1c21b5ebd371afb8b24946d107657488dbfb5e.css?body=1&livereload=1594932817599&livereload=1594932799807" for ::1 at 2020-07-16 13:53:37 -0700
Started GET "/assets/application.self-afd08693d467ae2ee03650682a1c21b5ebd371afb8b24946d107657488dbfb5e.css?body=1&livereload=1594932817601&livereload=1594932799807" for ::1 at 2020-07-16 13:53:37 -0700
Started GET "/assets/application.self-afd08693d467ae2ee03650682a1c21b5ebd371afb8b24946d107657488dbfb5e.css?body=1&livereload=1594932826013&livereload=1594932799807" for ::1 at 2020-07-16 13:53:46 -0700
Started GET "/assets/application.self-afd08693d467ae2ee03650682a1c21b5ebd371afb8b24946d107657488dbfb5e.css?body=1&livereload=1594932826014&livereload=1594932799807" for ::1 at 2020-07-16 13:53:46 -0700
Started GET "/assets/application.self-afd08693d467ae2ee03650682a1c21b5ebd371afb8b24946d107657488dbfb5e.css?body=1&livereload=1594932827217&livereload=1594932799807" for ::1 at 2020-07-16 13:53:47 -0700
Started GET "/assets/application.self-afd08693d467ae2ee03650682a1c21b5ebd371afb8b24946d107657488dbfb5e.css?body=1&livereload=1594932827218&livereload=1594932799807" for ::1 at 2020-07-16 13:53:47 -0700
Started GET "/assets/application.self-afd08693d467ae2ee03650682a1c21b5ebd371afb8b24946d107657488dbfb5e.css?body=1&livereload=1594932829720&livereload=1594932799807" for ::1 at 2020-07-16 13:53:49 -0700
Started GET "/assets/application.self-afd08693d467ae2ee03650682a1c21b5ebd371afb8b24946d107657488dbfb5e.css?body=1&livereload=1594932829721&livereload=1594932799807" for ::1 at 2020-07-16 13:53:49 -0700
Started GET "/assets/application.self-afd08693d467ae2ee03650682a1c21b5ebd371afb8b24946d107657488dbfb5e.css?body=1&livereload=1594932832867&livereload=1594932799807" for ::1 at 2020-07-16 13:53:52 -0700
Started GET "/assets/application.self-afd08693d467ae2ee03650682a1c21b5ebd371afb8b24946d107657488dbfb5e.css?body=1&livereload=1594932832868&livereload=1594932799807" for ::1 at 2020-07-16 13:53:52 -0700
Started GET "/assets/application.self-afd08693d467ae2ee03650682a1c21b5ebd371afb8b24946d107657488dbfb5e.css?body=1&livereload=1594932833977&livereload=1594932799807" for ::1 at 2020-07-16 13:53:53 -0700
Started GET "/assets/application.self-afd08693d467ae2ee03650682a1c21b5ebd371afb8b24946d107657488dbfb5e.css?body=1&livereload=1594932833978&livereload=1594932799807" for ::1 at 2020-07-16 13:53:53 -0700
Started GET "/assets/application.self-afd08693d467ae2ee03650682a1c21b5ebd371afb8b24946d107657488dbfb5e.css?body=1&livereload=1594932836204&livereload=1594932799807" for ::1 at 2020-07-16 13:53:56 -0700
Started GET "/assets/application.self-afd08693d467ae2ee03650682a1c21b5ebd371afb8b24946d107657488dbfb5e.css?body=1&livereload=1594932836205&livereload=1594932799807" for ::1 at 2020-07-16 13:53:56 -0700
Started GET "/assets/application.self-afd08693d467ae2ee03650682a1c21b5ebd371afb8b24946d107657488dbfb5e.css?body=1&livereload=1594932894028&livereload=1594932799807" for ::1 at 2020-07-16 13:54:54 -0700
Started GET "/assets/application.self-afd08693d467ae2ee03650682a1c21b5ebd371afb8b24946d107657488dbfb5e.css?body=1&livereload=1594932894029&livereload=1594932799807" for ::1 at 2020-07-16 13:54:54 -0700
Started GET "/assets/application.self-afd08693d467ae2ee03650682a1c21b5ebd371afb8b24946d107657488dbfb5e.css?body=1&livereload=1594932895238&livereload=1594932799807" for ::1 at 2020-07-16 13:54:55 -0700
Started GET "/assets/application.self-afd08693d467ae2ee03650682a1c21b5ebd371afb8b24946d107657488dbfb5e.css?body=1&livereload=1594932895239&livereload=1594932799807" for ::1 at 2020-07-16 13:54:55 -0700
Started GET "/assets/application.self-afd08693d467ae2ee03650682a1c21b5ebd371afb8b24946d107657488dbfb5e.css?body=1&livereload=1594932898868&livereload=1594932799807" for ::1 at 2020-07-16 13:54:58 -0700
Started GET "/assets/application.self-afd08693d467ae2ee03650682a1c21b5ebd371afb8b24946d107657488dbfb5e.css?body=1&livereload=1594932898869&livereload=1594932799807" for ::1 at 2020-07-16 13:54:58 -0700
Started GET "/assets/application.self-afd08693d467ae2ee03650682a1c21b5ebd371afb8b24946d107657488dbfb5e.css?body=1&livereload=1594932903327&livereload=1594932799807" for ::1 at 2020-07-16 13:55:03 -0700
Started GET "/assets/application.self-afd08693d467ae2ee03650682a1c21b5ebd371afb8b24946d107657488dbfb5e.css?body=1&livereload=1594932903328&livereload=1594932799807" for ::1 at 2020-07-16 13:55:03 -0700
Started GET "/assets/application.self-afd08693d467ae2ee03650682a1c21b5ebd371afb8b24946d107657488dbfb5e.css?body=1&livereload=1594932905469&livereload=1594932799807" for ::1 at 2020-07-16 13:55:05 -0700
Started GET "/assets/application.self-afd08693d467ae2ee03650682a1c21b5ebd371afb8b24946d107657488dbfb5e.css?body=1&livereload=1594932905470&livereload=1594932799807" for ::1 at 2020-07-16 13:55:05 -0700
Started GET "/assets/application.self-afd08693d467ae2ee03650682a1c21b5ebd371afb8b24946d107657488dbfb5e.css?body=1&livereload=1594932911410&livereload=1594932799807" for ::1 at 2020-07-16 13:55:11 -0700
Started GET "/assets/application.self-afd08693d467ae2ee03650682a1c21b5ebd371afb8b24946d107657488dbfb5e.css?body=1&livereload=1594932911410&livereload=1594932799807&livereload=1594932911410" for ::1 at 2020-07-16 13:55:11 -0700
Started GET "/assets/application.self-afd08693d467ae2ee03650682a1c21b5ebd371afb8b24946d107657488dbfb5e.css?body=1&livereload=1594932913078&livereload=1594932799807&livereload=1594932911410" for ::1 at 2020-07-16 13:55:13 -0700
Started GET "/assets/application.self-afd08693d467ae2ee03650682a1c21b5ebd371afb8b24946d107657488dbfb5e.css?body=1&livereload=1594932913078&livereload=1594932799807&livereload=1594932911410&livereload=1594932913078" for ::1 at 2020-07-16 13:55:13 -0700
Started GET "/assets/application.self-afd08693d467ae2ee03650682a1c21b5ebd371afb8b24946d107657488dbfb5e.css?body=1&livereload=1594932915318&livereload=1594932799807&livereload=1594932911410&livereload=1594932913078" for ::1 at 2020-07-16 13:55:15 -0700
Started GET "/assets/application.self-afd08693d467ae2ee03650682a1c21b5ebd371afb8b24946d107657488dbfb5e.css?body=1&livereload=1594932915319&livereload=1594932799807&livereload=1594932911410&livereload=1594932913078" for ::1 at 2020-07-16 13:55:15 -0700
Started GET "/" for ::1 at 2020-07-16 13:55:19 -0700
Processing by StaticPagesController#index as HTML
  Rendering static_pages/index.html.erb within layouts/application
  Rendered shared/_main_nav.html.erb (0.3ms)
  Rendered shared/_masthead.html.erb (0.2ms)
  Rendered shared/_sections_nav.html.erb (0.2ms)
  Rendered shared/_search_modal.html.erb (0.2ms)
  Rendered shared/_main_content.html.erb (0.2ms)
  Rendered static_pages/index.html.erb within layouts/application (11.2ms)
Completed 200 OK in 37ms (Views: 34.3ms | ActiveRecord: 0.0ms)


Started GET "/assets/application.self-341d96e024a267e75d243ef3e184cc358ac1bff0e26ab96db13cc2c01b535fd1.css?body=1" for ::1 at 2020-07-16 13:55:19 -0700
Started GET "/assets/application.self-341d96e024a267e75d243ef3e184cc358ac1bff0e26ab96db13cc2c01b535fd1.css?body=1&livereload=1594932945219" for ::1 at 2020-07-16 13:55:45 -0700
Started GET "/assets/application.self-341d96e024a267e75d243ef3e184cc358ac1bff0e26ab96db13cc2c01b535fd1.css?body=1&livereload=1594932945220" for ::1 at 2020-07-16 13:55:45 -0700
Started GET "/assets/application.self-341d96e024a267e75d243ef3e184cc358ac1bff0e26ab96db13cc2c01b535fd1.css?body=1&livereload=1594932946332" for ::1 at 2020-07-16 13:55:46 -0700
Started GET "/assets/application.self-341d96e024a267e75d243ef3e184cc358ac1bff0e26ab96db13cc2c01b535fd1.css?body=1&livereload=1594932946333" for ::1 at 2020-07-16 13:55:46 -0700
Started GET "/assets/application.self-341d96e024a267e75d243ef3e184cc358ac1bff0e26ab96db13cc2c01b535fd1.css?body=1&livereload=1594932949769" for ::1 at 2020-07-16 13:55:49 -0700
Started GET "/assets/application.self-341d96e024a267e75d243ef3e184cc358ac1bff0e26ab96db13cc2c01b535fd1.css?body=1&livereload=1594932949770" for ::1 at 2020-07-16 13:55:49 -0700
Started GET "/assets/application.self-341d96e024a267e75d243ef3e184cc358ac1bff0e26ab96db13cc2c01b535fd1.css?body=1&livereload=1594932951713" for ::1 at 2020-07-16 13:55:51 -0700
Started GET "/assets/application.self-341d96e024a267e75d243ef3e184cc358ac1bff0e26ab96db13cc2c01b535fd1.css?body=1&livereload=1594932951714" for ::1 at 2020-07-16 13:55:51 -0700
Started GET "/assets/application.self-341d96e024a267e75d243ef3e184cc358ac1bff0e26ab96db13cc2c01b535fd1.css?body=1&livereload=1594933129224" for ::1 at 2020-07-16 13:58:49 -0700
Started GET "/assets/application.self-341d96e024a267e75d243ef3e184cc358ac1bff0e26ab96db13cc2c01b535fd1.css?body=1&livereload=1594933129225" for ::1 at 2020-07-16 13:58:49 -0700
Started GET "/" for ::1 at 2020-07-16 13:58:50 -0700
Processing by StaticPagesController#index as HTML
  Rendering static_pages/index.html.erb within layouts/application
  Rendered shared/_main_nav.html.erb (0.3ms)
  Rendered shared/_masthead.html.erb (0.2ms)
  Rendered shared/_sections_nav.html.erb (0.3ms)
  Rendered shared/_search_modal.html.erb (0.3ms)
  Rendered shared/_main_content.html.erb (0.2ms)
  Rendered static_pages/index.html.erb within layouts/application (15.3ms)
Completed 200 OK in 40ms (Views: 37.5ms | ActiveRecord: 0.0ms)


Started GET "/assets/application.self-9b10ffea09b2ff1da752ac334562c2a9b69cff366c3578e0b582b276a2d4303a.css?body=1" for ::1 at 2020-07-16 13:58:51 -0700
Started GET "/assets/application.self-9b10ffea09b2ff1da752ac334562c2a9b69cff366c3578e0b582b276a2d4303a.css?body=1&livereload=1594933162372" for ::1 at 2020-07-16 13:59:22 -0700
Started GET "/assets/application.self-9b10ffea09b2ff1da752ac334562c2a9b69cff366c3578e0b582b276a2d4303a.css?body=1&livereload=1594933162373" for ::1 at 2020-07-16 13:59:22 -0700
Started GET "/assets/application.self-9b10ffea09b2ff1da752ac334562c2a9b69cff366c3578e0b582b276a2d4303a.css?body=1&livereload=1594933164789" for ::1 at 2020-07-16 13:59:24 -0700
Started GET "/assets/application.self-9b10ffea09b2ff1da752ac334562c2a9b69cff366c3578e0b582b276a2d4303a.css?body=1&livereload=1594933164790" for ::1 at 2020-07-16 13:59:24 -0700
Started GET "/assets/application.self-9b10ffea09b2ff1da752ac334562c2a9b69cff366c3578e0b582b276a2d4303a.css?body=1&livereload=1594933177125" for ::1 at 2020-07-16 13:59:37 -0700
Started GET "/assets/application.self-9b10ffea09b2ff1da752ac334562c2a9b69cff366c3578e0b582b276a2d4303a.css?body=1&livereload=1594933177126" for ::1 at 2020-07-16 13:59:37 -0700
Started GET "/assets/application.self-9b10ffea09b2ff1da752ac334562c2a9b69cff366c3578e0b582b276a2d4303a.css?body=1&livereload=1594933210605" for ::1 at 2020-07-16 14:00:10 -0700
Started GET "/assets/application.self-9b10ffea09b2ff1da752ac334562c2a9b69cff366c3578e0b582b276a2d4303a.css?body=1&livereload=1594933210606" for ::1 at 2020-07-16 14:00:10 -0700
Started GET "/assets/application.self-9b10ffea09b2ff1da752ac334562c2a9b69cff366c3578e0b582b276a2d4303a.css?body=1&livereload=1594933216546" for ::1 at 2020-07-16 14:00:16 -0700
Started GET "/assets/application.self-9b10ffea09b2ff1da752ac334562c2a9b69cff366c3578e0b582b276a2d4303a.css?body=1&livereload=1594933216547" for ::1 at 2020-07-16 14:00:16 -0700
Started GET "/assets/application.self-9b10ffea09b2ff1da752ac334562c2a9b69cff366c3578e0b582b276a2d4303a.css?body=1&livereload=1594933240296" for ::1 at 2020-07-16 14:00:40 -0700
Started GET "/assets/application.self-9b10ffea09b2ff1da752ac334562c2a9b69cff366c3578e0b582b276a2d4303a.css?body=1&livereload=1594933240297" for ::1 at 2020-07-16 14:00:40 -0700
Started GET "/assets/application.self-9b10ffea09b2ff1da752ac334562c2a9b69cff366c3578e0b582b276a2d4303a.css?body=1&livereload=1594933284674" for ::1 at 2020-07-16 14:01:24 -0700
Started GET "/assets/application.self-9b10ffea09b2ff1da752ac334562c2a9b69cff366c3578e0b582b276a2d4303a.css?body=1&livereload=1594933284675" for ::1 at 2020-07-16 14:01:24 -0700
Started GET "/assets/application.self-9b10ffea09b2ff1da752ac334562c2a9b69cff366c3578e0b582b276a2d4303a.css?body=1&livereload=1594933287834" for ::1 at 2020-07-16 14:01:27 -0700
Started GET "/assets/application.self-9b10ffea09b2ff1da752ac334562c2a9b69cff366c3578e0b582b276a2d4303a.css?body=1&livereload=1594933287836" for ::1 at 2020-07-16 14:01:27 -0700
Started GET "/" for ::1 at 2020-07-16 14:01:55 -0700
Processing by StaticPagesController#index as HTML
  Rendering static_pages/index.html.erb within layouts/application
  Rendered shared/_main_nav.html.erb (0.2ms)
  Rendered shared/_masthead.html.erb (0.2ms)
  Rendered shared/_sections_nav.html.erb (0.2ms)
  Rendered shared/_search_modal.html.erb (0.3ms)
  Rendered shared/_main_content.html.erb (0.2ms)
  Rendered static_pages/index.html.erb within layouts/application (11.7ms)
Completed 200 OK in 32ms (Views: 29.6ms | ActiveRecord: 0.0ms)


Started GET "/assets/application.self-c7101c4d8526c93c56fd86551ed913d0a2ea3446ec1132a34b06fcfac1c0859e.css?body=1" for ::1 at 2020-07-16 14:01:55 -0700
Started GET "/" for ::1 at 2020-07-16 14:01:55 -0700
Processing by StaticPagesController#index as HTML
  Rendering static_pages/index.html.erb within layouts/application
  Rendered shared/_main_nav.html.erb (0.4ms)
  Rendered shared/_masthead.html.erb (0.2ms)
  Rendered shared/_sections_nav.html.erb (0.3ms)
  Rendered shared/_search_modal.html.erb (0.3ms)
  Rendered shared/_main_content.html.erb (0.3ms)
  Rendered static_pages/index.html.erb within layouts/application (18.1ms)
Completed 200 OK in 42ms (Views: 39.6ms | ActiveRecord: 0.0ms)


Started GET "/assets/application.self-c7101c4d8526c93c56fd86551ed913d0a2ea3446ec1132a34b06fcfac1c0859e.css?body=1&livereload=1594933327587" for ::1 at 2020-07-16 14:02:07 -0700
Started GET "/assets/application.self-c7101c4d8526c93c56fd86551ed913d0a2ea3446ec1132a34b06fcfac1c0859e.css?body=1&livereload=1594933327589" for ::1 at 2020-07-16 14:02:07 -0700
Started GET "/assets/application.self-c7101c4d8526c93c56fd86551ed913d0a2ea3446ec1132a34b06fcfac1c0859e.css?body=1&livereload=1594933331775" for ::1 at 2020-07-16 14:02:11 -0700
Started GET "/assets/application.self-c7101c4d8526c93c56fd86551ed913d0a2ea3446ec1132a34b06fcfac1c0859e.css?body=1&livereload=1594933331776" for ::1 at 2020-07-16 14:02:11 -0700
Started GET "/" for ::1 at 2020-07-16 14:02:14 -0700
Processing by StaticPagesController#index as HTML
  Rendering static_pages/index.html.erb within layouts/application
  Rendered shared/_main_nav.html.erb (0.2ms)
  Rendered shared/_masthead.html.erb (0.2ms)
  Rendered shared/_sections_nav.html.erb (0.3ms)
  Rendered shared/_search_modal.html.erb (0.3ms)
  Rendered shared/_main_content.html.erb (0.2ms)
  Rendered static_pages/index.html.erb within layouts/application (13.4ms)
Completed 200 OK in 35ms (Views: 32.6ms | ActiveRecord: 0.0ms)


Started GET "/assets/application.self-5da02b6ce815dfbc8ac8a6019395dd3abeb45564302aae6974660d4b2e6144da.css?body=1" for ::1 at 2020-07-16 14:02:14 -0700
Started GET "/" for ::1 at 2020-07-16 14:02:14 -0700
Processing by StaticPagesController#index as HTML
  Rendering static_pages/index.html.erb within layouts/application
  Rendered shared/_main_nav.html.erb (0.2ms)
  Rendered shared/_masthead.html.erb (0.2ms)
  Rendered shared/_sections_nav.html.erb (0.1ms)
  Rendered shared/_search_modal.html.erb (0.2ms)
  Rendered shared/_main_content.html.erb (0.2ms)
  Rendered static_pages/index.html.erb within layouts/application (10.2ms)
Completed 200 OK in 28ms (Views: 25.8ms | ActiveRecord: 0.0ms)


Started GET "/assets/application.self-5da02b6ce815dfbc8ac8a6019395dd3abeb45564302aae6974660d4b2e6144da.css?body=1&livereload=1594933467145" for ::1 at 2020-07-16 14:04:27 -0700
Started GET "/assets/application.self-5da02b6ce815dfbc8ac8a6019395dd3abeb45564302aae6974660d4b2e6144da.css?body=1&livereload=1594933467148" for ::1 at 2020-07-16 14:04:27 -0700
Started GET "/assets/application.self-5da02b6ce815dfbc8ac8a6019395dd3abeb45564302aae6974660d4b2e6144da.css?body=1&livereload=1594933469195" for ::1 at 2020-07-16 14:04:29 -0700
Started GET "/assets/application.self-5da02b6ce815dfbc8ac8a6019395dd3abeb45564302aae6974660d4b2e6144da.css?body=1&livereload=1594933469197" for ::1 at 2020-07-16 14:04:29 -0700
Started GET "/assets/application.self-5da02b6ce815dfbc8ac8a6019395dd3abeb45564302aae6974660d4b2e6144da.css?body=1&livereload=1594933475177" for ::1 at 2020-07-16 14:04:35 -0700
Started GET "/assets/application.self-5da02b6ce815dfbc8ac8a6019395dd3abeb45564302aae6974660d4b2e6144da.css?body=1&livereload=1594933475178" for ::1 at 2020-07-16 14:04:35 -0700
Started GET "/assets/application.self-5da02b6ce815dfbc8ac8a6019395dd3abeb45564302aae6974660d4b2e6144da.css?body=1&livereload=1594933476941" for ::1 at 2020-07-16 14:04:36 -0700
Started GET "/assets/application.self-5da02b6ce815dfbc8ac8a6019395dd3abeb45564302aae6974660d4b2e6144da.css?body=1&livereload=1594933476942" for ::1 at 2020-07-16 14:04:36 -0700
Started GET "/" for ::1 at 2020-07-16 14:04:53 -0700
Processing by StaticPagesController#index as HTML
  Rendering static_pages/index.html.erb within layouts/application
  Rendered shared/_main_nav.html.erb (0.5ms)
  Rendered shared/_masthead.html.erb (0.3ms)
  Rendered shared/_sections_nav.html.erb (0.2ms)
  Rendered shared/_search_modal.html.erb (0.3ms)
  Rendered shared/_main_content.html.erb (0.4ms)
  Rendered static_pages/index.html.erb within layouts/application (14.9ms)
Completed 500 Internal Server Error in 53ms (ActiveRecord: 0.0ms)


DEPRECATION WARNING: #original_exception is deprecated. Use #cause instead. (called from initialize at /Users/jaronlee/.rbenv/versions/2.5.1/lib/ruby/gems/2.5.0/gems/better_errors-2.7.1/lib/better_errors/raised_exception.rb:7)
DEPRECATION WARNING: #original_exception is deprecated. Use #cause instead. (called from initialize at /Users/jaronlee/.rbenv/versions/2.5.1/lib/ruby/gems/2.5.0/gems/better_errors-2.7.1/lib/better_errors/raised_exception.rb:9)

Sass::SyntaxError - Invalid CSS after "					<small>We": expected "{", was "'ll also send o...":
  app/views/layouts/application.html.erb:7:in `_app_views_layouts_application_html_erb__1087160660931914045_70156051424000'

Started POST "/__better_errors/c3d65ce12fe659be/variables" for ::1 at 2020-07-16 14:04:53 -0700
